Started by user Student Codeby Academy
Connecting to https://api.github.com using ikochuev/****** (GitHub lesson25)
Obtained lesson26/Jenkinsfile from b97bcf7e979c50600c40947404981b3848cdf9ff
[Pipeline] Start of Pipeline
[Pipeline] node
Running on maven-agent25 in /home/jenkins/workspace/multi_lesson26
[Pipeline] {
[Pipeline] stage
[Pipeline] { (Declarative: Checkout SCM)
[Pipeline] checkout
The recommended git tool is: NONE
using credential github25
Cloning the remote Git repository
Cloning with configured refspecs honoured and without tags
Cloning repository https://github.com/ikochuev/codeby-devops.git
 > git init /home/jenkins/workspace/multi_lesson26 # timeout=10
Fetching upstream changes from https://github.com/ikochuev/codeby-devops.git
 > git --version # timeout=10
 > git --version # 'git version 2.52.0'
using GIT_ASKPASS to set credentials GitHub lesson25
 > git fetch --no-tags --force --progress -- https://github.com/ikochuev/codeby-devops.git +refs/heads/lesson26:refs/remotes/origin/lesson26 # timeout=10
Avoid second fetch
Checking out Revision b97bcf7e979c50600c40947404981b3848cdf9ff (lesson26)
Commit message: "lesson26: pipeline with 3 maven projects"
First time build. Skipping changelog.
 > git config remote.origin.url https://github.com/ikochuev/codeby-devops.git # timeout=10
 > git config --add remote.origin.fetch +refs/heads/lesson26:refs/remotes/origin/lesson26 # timeout=10
 > git config core.sparsecheckout # timeout=10
 > git checkout -f b97bcf7e979c50600c40947404981b3848cdf9ff # timeout=10
[Pipeline] }
[Pipeline] // stage
[Pipeline] withEnv
[Pipeline] {
[Pipeline] stage
[Pipeline] { (Declarative: Tool Install)
[Pipeline] tool
[Pipeline] envVarsForTool
[Pipeline] }
[Pipeline] // stage
[Pipeline] withEnv
[Pipeline] {
[Pipeline] stage
[Pipeline] { (Checkout)
[Pipeline] tool
[Pipeline] envVarsForTool
[Pipeline] withEnv
[Pipeline] {
[Pipeline] checkout
The recommended git tool is: NONE
using credential github25
Fetching changes from the remote Git repository
Fetching without tags
Checking out Revision b97bcf7e979c50600c40947404981b3848cdf9ff (lesson26)
Commit message: "lesson26: pipeline with 3 maven projects"
 > git rev-parse --resolve-git-dir /home/jenkins/workspace/multi_lesson26/.git # timeout=10
 > git config remote.origin.url https://github.com/ikochuev/codeby-devops.git # timeout=10
Fetching upstream changes from https://github.com/ikochuev/codeby-devops.git
 > git --version # timeout=10
 > git --version # 'git version 2.52.0'
using GIT_ASKPASS to set credentials GitHub lesson25
 > git fetch --no-tags --force --progress -- https://github.com/ikochuev/codeby-devops.git +refs/heads/lesson26:refs/remotes/origin/lesson26 # timeout=10
 > git config core.sparsecheckout # timeout=10
 > git checkout -f b97bcf7e979c50600c40947404981b3848cdf9ff # timeout=10
[Pipeline] sh
+ pwd
/home/jenkins/workspace/multi_lesson26
+ ls -la lesson26/
total 24
drwxr-sr-x    5 jenkins  jenkins       4096 Jan 17 20:49 .
drwxr-sr-x   27 jenkins  jenkins       4096 Jan 17 20:49 ..
-rw-r--r--    1 jenkins  jenkins        951 Jan 17 20:49 Jenkinsfile
drwxr-sr-x    4 jenkins  jenkins       4096 Jan 17 20:49 hello-devops
drwxr-sr-x    4 jenkins  jenkins       4096 Jan 17 20:49 hello-jenkins
drwxr-sr-x    4 jenkins  jenkins       4096 Jan 17 20:49 hello-world
[Pipeline] }
[Pipeline] // withEnv
[Pipeline] }
[Pipeline] // stage
[Pipeline] stage
[Pipeline] { (Maven Build)
[Pipeline] tool
[Pipeline] envVarsForTool
[Pipeline] withEnv
[Pipeline] {
[Pipeline] sh
+ mvn clean package -f lesson26/hello-world/pom.xml
[INFO] Scanning for projects...
[INFO] 
[INFO] -------------------< com.mycompany.app:hello-world >--------------------
[INFO] Building hello-world 1.0-SNAPSHOT
[INFO]   from pom.xml
[INFO] --------------------------------[ jar ]---------------------------------
Downloading from central: https://repo.maven.apache.org/maven2/org/apache/maven/plugins/maven-clean-plugin/3.2.0/maven-clean-plugin-3.2.0.pom
Progress (1): 779 BProgress (1): 1.8 kBProgress (1): 4.2 kBProgress (1): 5.3 kB                    Downloaded from central: https://repo.maven.apache.org/maven2/org/apache/maven/plugins/maven-clean-plugin/3.2.0/maven-clean-plugin-3.2.0.pom (5.3 kB at 7.3 kB/s)
Downloading from central: https://repo.maven.apache.org/maven2/org/apache/maven/plugins/maven-plugins/35/maven-plugins-35.pom
Progress (1): 755 BProgress (1): 1.8 kBProgress (1): 3.7 kBProgress (1): 6.4 kBProgress (1): 8.2 kBProgress (1): 9.9 kB                    Downloaded from central: https://repo.maven.apache.org/maven2/org/apache/maven/plugins/maven-plugins/35/maven-plugins-35.pom (9.9 kB at 168 kB/s)
Downloading from central: https://repo.maven.apache.org/maven2/org/apache/maven/maven-parent/35/maven-parent-35.pom
Progress (1): 717 BProgress (1): 1.6 kBProgress (1): 4.2 kBProgress (1): 8.4 kBProgress (1): 11 kB Progress (1): 16 kBProgress (1): 20 kBProgress (1): 23 kBProgress (1): 26 kBProgress (1): 28 kBProgress (1): 30 kBProgress (1): 33 kBProgress (1): 37 kBProgress (1): 38 kBProgress (1): 42 kBProgress (1): 45 kB                   Downloaded from central: https://repo.maven.apache.org/maven2/org/apache/maven/maven-parent/35/maven-parent-35.pom (45 kB at 686 kB/s)
Downloading from central: https://repo.maven.apache.org/maven2/org/apache/apache/25/apache-25.pom
Progress (1): 801 BProgress (1): 1.7 kBProgress (1): 3.6 kBProgress (1): 4.1 kBProgress (1): 7.1 kBProgress (1): 12 kB Progress (1): 15 kBProgress (1): 18 kBProgress (1): 20 kBProgress (1): 21 kB                   Downloaded from central: https://repo.maven.apache.org/maven2/org/apache/apache/25/apache-25.pom (21 kB at 298 kB/s)
Downloading from central: https://repo.maven.apache.org/maven2/org/apache/maven/plugins/maven-clean-plugin/3.2.0/maven-clean-plugin-3.2.0.jar
Progress (1): 0.9/36 kBProgress (1): 2.3/36 kBProgress (1): 3.6/36 kBProgress (1): 5.0/36 kBProgress (1): 6.4/36 kBProgress (1): 7.7/36 kBProgress (1): 9.1/36 kBProgress (1): 10/36 kB Progress (1): 12/36 kBProgress (1): 13/36 kBProgress (1): 15/36 kBProgress (1): 16/36 kBProgress (1): 17/36 kBProgress (1): 19/36 kBProgress (1): 20/36 kBProgress (1): 21/36 kBProgress (1): 23/36 kBProgress (1): 24/36 kBProgress (1): 26/36 kBProgress (1): 27/36 kBProgress (1): 28/36 kBProgress (1): 30/36 kBProgress (1): 31/36 kBProgress (1): 32/36 kBProgress (1): 36 kB                      Downloaded from central: https://repo.maven.apache.org/maven2/org/apache/maven/plugins/maven-clean-plugin/3.2.0/maven-clean-plugin-3.2.0.jar (36 kB at 469 kB/s)
Downloading from central: https://repo.maven.apache.org/maven2/org/apache/maven/plugins/maven-resources-plugin/3.3.1/maven-resources-plugin-3.3.1.pom
Progress (1): 766 BProgress (1): 2.1 kBProgress (1): 4.9 kBProgress (1): 7.5 kBProgress (1): 8.2 kB                    Downloaded from central: https://repo.maven.apache.org/maven2/org/apache/maven/plugins/maven-resources-plugin/3.3.1/maven-resources-plugin-3.3.1.pom (8.2 kB at 113 kB/s)
Downloading from central: https://repo.maven.apache.org/maven2/org/apache/maven/plugins/maven-plugins/39/maven-plugins-39.pom
Progress (1): 763 BProgress (1): 2.3 kBProgress (1): 4.9 kBProgress (1): 7.3 kBProgress (1): 8.1 kB                    Downloaded from central: https://repo.maven.apache.org/maven2/org/apache/maven/plugins/maven-plugins/39/maven-plugins-39.pom (8.1 kB at 94 kB/s)
Downloading from central: https://repo.maven.apache.org/maven2/org/apache/maven/maven-parent/39/maven-parent-39.pom
Progress (1): 724 BProgress (1): 1.9 kBProgress (1): 5.5 kBProgress (1): 9.7 kBProgress (1): 14 kB Progress (1): 19 kBProgress (1): 23 kBProgress (1): 25 kBProgress (1): 27 kBProgress (1): 28 kBProgress (1): 31 kBProgress (1): 35 kBProgress (1): 38 kBProgress (1): 41 kBProgress (1): 44 kBProgress (1): 48 kB                   Downloaded from central: https://repo.maven.apache.org/maven2/org/apache/maven/maven-parent/39/maven-parent-39.pom (48 kB at 578 kB/s)
Downloading from central: https://repo.maven.apache.org/maven2/org/apache/apache/29/apache-29.pom
Progress (1): 745 BProgress (1): 2.1 kBProgress (1): 4.0 kBProgress (1): 6.7 kBProgress (1): 12 kB Progress (1): 16 kBProgress (1): 19 kBProgress (1): 19 kBProgress (1): 21 kB                   Downloaded from central: https://repo.maven.apache.org/maven2/org/apache/apache/29/apache-29.pom (21 kB at 309 kB/s)
Downloading from central: https://repo.maven.apache.org/maven2/org/apache/maven/plugins/maven-resources-plugin/3.3.1/maven-resources-plugin-3.3.1.jar
Progress (1): 3.8/31 kBProgress (1): 8.0/31 kBProgress (1): 12/31 kB Progress (1): 16/31 kBProgress (1): 21/31 kBProgress (1): 25/31 kBProgress (1): 29/31 kBProgress (1): 31 kB                      Downloaded from central: https://repo.maven.apache.org/maven2/org/apache/maven/plugins/maven-resources-plugin/3.3.1/maven-resources-plugin-3.3.1.jar (31 kB at 563 kB/s)
Downloading from central: https://repo.maven.apache.org/maven2/org/apache/maven/plugins/maven-compiler-plugin/3.13.0/maven-compiler-plugin-3.13.0.pom
Progress (1): 758 BProgress (1): 2.2 kBProgress (1): 5.0 kBProgress (1): 8.4 kBProgress (1): 10 kB                    Downloaded from central: https://repo.maven.apache.org/maven2/org/apache/maven/plugins/maven-compiler-plugin/3.13.0/maven-compiler-plugin-3.13.0.pom (10 kB at 174 kB/s)
Downloading from central: https://repo.maven.apache.org/maven2/org/apache/maven/plugins/maven-plugins/41/maven-plugins-41.pom
Progress (1): 766 BProgress (1): 2.3 kBProgress (1): 4.9 kBProgress (1): 7.4 kB                    Downloaded from central: https://repo.maven.apache.org/maven2/org/apache/maven/plugins/maven-plugins/41/maven-plugins-41.pom (7.4 kB at 144 kB/s)
Downloading from central: https://repo.maven.apache.org/maven2/org/apache/maven/maven-parent/41/maven-parent-41.pom
Progress (1): 716 BProgress (1): 1.9 kBProgress (1): 5.5 kBProgress (1): 9.7 kBProgress (1): 14 kB Progress (1): 19 kBProgress (1): 23 kBProgress (1): 25 kBProgress (1): 27 kBProgress (1): 29 kBProgress (1): 32 kBProgress (1): 36 kBProgress (1): 38 kBProgress (1): 41 kBProgress (1): 44 kBProgress (1): 49 kBProgress (1): 50 kB                   Downloaded from central: https://repo.maven.apache.org/maven2/org/apache/maven/maven-parent/41/maven-parent-41.pom (50 kB at 818 kB/s)
Downloading from central: https://repo.maven.apache.org/maven2/org/apache/apache/31/apache-31.pom
Progress (1): 740 BProgress (1): 2.1 kBProgress (1): 3.9 kBProgress (1): 6.2 kBProgress (1): 11 kB Progress (1): 16 kBProgress (1): 20 kBProgress (1): 21 kBProgress (1): 23 kBProgress (1): 24 kB                   Downloaded from central: https://repo.maven.apache.org/maven2/org/apache/apache/31/apache-31.pom (24 kB at 428 kB/s)
Downloading from central: https://repo.maven.apache.org/maven2/org/apache/maven/plugins/maven-compiler-plugin/3.13.0/maven-compiler-plugin-3.13.0.jar
Progress (1): 3.8/83 kBProgress (1): 8.0/83 kBProgress (1): 12/83 kB Progress (1): 16/83 kBProgress (1): 21/83 kBProgress (1): 25/83 kBProgress (1): 29/83 kBProgress (1): 33/83 kBProgress (1): 37/83 kBProgress (1): 41/83 kBProgress (1): 46/83 kBProgress (1): 50/83 kBProgress (1): 54/83 kBProgress (1): 58/83 kBProgress (1): 63/83 kBProgress (1): 67/83 kBProgress (1): 83 kB                      Downloaded from central: https://repo.maven.apache.org/maven2/org/apache/maven/plugins/maven-compiler-plugin/3.13.0/maven-compiler-plugin-3.13.0.jar (83 kB at 1.2 MB/s)
Downloading from central: https://repo.maven.apache.org/maven2/org/apache/maven/plugins/maven-surefire-plugin/3.2.5/maven-surefire-plugin-3.2.5.pom
Progress (1): 834 BProgress (1): 2.7 kBProgress (1): 5.3 kB                    Downloaded from central: https://repo.maven.apache.org/maven2/org/apache/maven/plugins/maven-surefire-plugin/3.2.5/maven-surefire-plugin-3.2.5.pom (5.3 kB at 87 kB/s)
Downloading from central: https://repo.maven.apache.org/maven2/org/apache/maven/surefire/surefire/3.2.5/surefire-3.2.5.pom
Progress (1): 779 BProgress (1): 2.4 kBProgress (1): 4.1 kBProgress (1): 7.9 kBProgress (1): 12 kB Progress (1): 14 kBProgress (1): 17 kBProgress (1): 20 kBProgress (1): 22 kBProgress (1): 22 kB                   Downloaded from central: https://repo.maven.apache.org/maven2/org/apache/maven/surefire/surefire/3.2.5/surefire-3.2.5.pom (22 kB at 379 kB/s)
Downloading from central: https://repo.maven.apache.org/maven2/org/junit/junit-bom/5.9.3/junit-bom-5.9.3.pom
Progress (1): 907 BProgress (1): 4.1 kBProgress (1): 5.6 kB                    Downloaded from central: https://repo.maven.apache.org/maven2/org/junit/junit-bom/5.9.3/junit-bom-5.9.3.pom (5.6 kB at 92 kB/s)
Downloading from central: https://repo.maven.apache.org/maven2/org/apache/maven/plugins/maven-surefire-plugin/3.2.5/maven-surefire-plugin-3.2.5.jar
Progress (1): 7.7/45 kBProgress (1): 16/45 kB Progress (1): 25/45 kBProgress (1): 41/45 kBProgress (1): 45 kB                      Downloaded from central: https://repo.maven.apache.org/maven2/org/apache/maven/plugins/maven-surefire-plugin/3.2.5/maven-surefire-plugin-3.2.5.jar (45 kB at 743 kB/s)
Downloading from central: https://repo.maven.apache.org/maven2/org/apache/maven/plugins/maven-jar-plugin/3.4.1/maven-jar-plugin-3.4.1.pom
Progress (1): 778 BProgress (1): 2.2 kBProgress (1): 4.8 kBProgress (1): 7.3 kBProgress (1): 7.8 kB                    Downloaded from central: https://repo.maven.apache.org/maven2/org/apache/maven/plugins/maven-jar-plugin/3.4.1/maven-jar-plugin-3.4.1.pom (7.8 kB at 170 kB/s)
Downloading from central: https://repo.maven.apache.org/maven2/org/apache/maven/plugins/maven-plugins/42/maven-plugins-42.pom
Progress (1): 773 BProgress (1): 2.4 kBProgress (1): 4.8 kBProgress (1): 7.7 kB                    Downloaded from central: https://repo.maven.apache.org/maven2/org/apache/maven/plugins/maven-plugins/42/maven-plugins-42.pom (7.7 kB at 148 kB/s)
Downloading from central: https://repo.maven.apache.org/maven2/org/apache/maven/maven-parent/42/maven-parent-42.pom
Progress (1): 720 BProgress (1): 1.9 kBProgress (1): 5.5 kBProgress (1): 9.7 kBProgress (1): 14 kB Progress (1): 19 kBProgress (1): 23 kBProgress (1): 26 kBProgress (1): 28 kBProgress (1): 30 kBProgress (1): 34 kBProgress (1): 37 kBProgress (1): 40 kBProgress (1): 43 kBProgress (1): 47 kBProgress (1): 47 kBProgress (1): 50 kB                   Downloaded from central: https://repo.maven.apache.org/maven2/org/apache/maven/maven-parent/42/maven-parent-42.pom (50 kB at 952 kB/s)
Downloading from central: https://repo.maven.apache.org/maven2/org/apache/apache/32/apache-32.pom
Progress (1): 743 BProgress (1): 2.1 kBProgress (1): 4.0 kBProgress (1): 6.0 kBProgress (1): 10 kB Progress (1): 16 kBProgress (1): 18 kBProgress (1): 21 kBProgress (1): 24 kBProgress (1): 24 kB                   Downloaded from central: https://repo.maven.apache.org/maven2/org/apache/apache/32/apache-32.pom (24 kB at 390 kB/s)
Downloading from central: https://repo.maven.apache.org/maven2/org/junit/junit-bom/5.10.2/junit-bom-5.10.2.pom
Progress (1): 908 BProgress (1): 4.1 kBProgress (1): 5.6 kB                    Downloaded from central: https://repo.maven.apache.org/maven2/org/junit/junit-bom/5.10.2/junit-bom-5.10.2.pom (5.6 kB at 103 kB/s)
Downloading from central: https://repo.maven.apache.org/maven2/org/apache/maven/plugins/maven-jar-plugin/3.4.1/maven-jar-plugin-3.4.1.jar
Progress (1): 3.3/34 kBProgress (1): 20/34 kB Progress (1): 34 kB                      Downloaded from central: https://repo.maven.apache.org/maven2/org/apache/maven/plugins/maven-jar-plugin/3.4.1/maven-jar-plugin-3.4.1.jar (34 kB at 734 kB/s)
Downloading from central: https://repo.maven.apache.org/maven2/org/junit/jupiter/junit-jupiter/5.10.0/junit-jupiter-5.10.0.pom
Progress (1): 944 BProgress (1): 3.2 kB                    Downloaded from central: https://repo.maven.apache.org/maven2/org/junit/jupiter/junit-jupiter/5.10.0/junit-jupiter-5.10.0.pom (3.2 kB at 54 kB/s)
Downloading from central: https://repo.maven.apache.org/maven2/org/junit/junit-bom/5.10.0/junit-bom-5.10.0.pom
Progress (1): 912 BProgress (1): 4.1 kBProgress (1): 5.6 kB                    Downloaded from central: https://repo.maven.apache.org/maven2/org/junit/junit-bom/5.10.0/junit-bom-5.10.0.pom (5.6 kB at 103 kB/s)
Downloading from central: https://repo.maven.apache.org/maven2/org/junit/jupiter/junit-jupiter-api/5.10.0/junit-jupiter-api-5.10.0.pom
Progress (1): 955 BProgress (1): 3.2 kB                    Downloaded from central: https://repo.maven.apache.org/maven2/org/junit/jupiter/junit-jupiter-api/5.10.0/junit-jupiter-api-5.10.0.pom (3.2 kB at 58 kB/s)
Downloading from central: https://repo.maven.apache.org/maven2/org/opentest4j/opentest4j/1.3.0/opentest4j-1.3.0.pom
Progress (1): 996 BProgress (1): 2.0 kB                    Downloaded from central: https://repo.maven.apache.org/maven2/org/opentest4j/opentest4j/1.3.0/opentest4j-1.3.0.pom (2.0 kB at 38 kB/s)
Downloading from central: https://repo.maven.apache.org/maven2/org/junit/platform/junit-platform-commons/1.10.0/junit-platform-commons-1.10.0.pom
Progress (1): 974 BProgress (1): 2.8 kB                    Downloaded from central: https://repo.maven.apache.org/maven2/org/junit/platform/junit-platform-commons/1.10.0/junit-platform-commons-1.10.0.pom (2.8 kB at 54 kB/s)
Downloading from central: https://repo.maven.apache.org/maven2/org/apiguardian/apiguardian-api/1.1.2/apiguardian-api-1.1.2.pom
Progress (1): 1.0 kBProgress (1): 1.5 kB                    Downloaded from central: https://repo.maven.apache.org/maven2/org/apiguardian/apiguardian-api/1.1.2/apiguardian-api-1.1.2.pom (1.5 kB at 31 kB/s)
Downloading from central: https://repo.maven.apache.org/maven2/org/junit/jupiter/junit-jupiter-params/5.10.0/junit-jupiter-params-5.10.0.pom
Progress (1): 968 BProgress (1): 3.0 kB                    Downloaded from central: https://repo.maven.apache.org/maven2/org/junit/jupiter/junit-jupiter-params/5.10.0/junit-jupiter-params-5.10.0.pom (3.0 kB at 44 kB/s)
Downloading from central: https://repo.maven.apache.org/maven2/org/junit/jupiter/junit-jupiter-engine/5.10.0/junit-jupiter-engine-5.10.0.pom
Progress (1): 964 BProgress (1): 3.2 kB                    Downloaded from central: https://repo.maven.apache.org/maven2/org/junit/jupiter/junit-jupiter-engine/5.10.0/junit-jupiter-engine-5.10.0.pom (3.2 kB at 52 kB/s)
Downloading from central: https://repo.maven.apache.org/maven2/org/junit/platform/junit-platform-engine/1.10.0/junit-platform-engine-1.10.0.pom
Progress (1): 958 BProgress (1): 3.2 kB                    Downloaded from central: https://repo.maven.apache.org/maven2/org/junit/platform/junit-platform-engine/1.10.0/junit-platform-engine-1.10.0.pom (3.2 kB at 42 kB/s)
Downloading from central: https://repo.maven.apache.org/maven2/org/junit/jupiter/junit-jupiter/5.10.0/junit-jupiter-5.10.0.jar
Downloading from central: https://repo.maven.apache.org/maven2/org/junit/jupiter/junit-jupiter-api/5.10.0/junit-jupiter-api-5.10.0.jar
Downloading from central: https://repo.maven.apache.org/maven2/org/junit/platform/junit-platform-commons/1.10.0/junit-platform-commons-1.10.0.jar
Downloading from central: https://repo.maven.apache.org/maven2/org/opentest4j/opentest4j/1.3.0/opentest4j-1.3.0.jar
Downloading from central: https://repo.maven.apache.org/maven2/org/apiguardian/apiguardian-api/1.1.2/apiguardian-api-1.1.2.jar
Progress (1): 6.4 kB                    Downloaded from central: https://repo.maven.apache.org/maven2/org/junit/jupiter/junit-jupiter/5.10.0/junit-jupiter-5.10.0.jar (6.4 kB at 110 kB/s)
Downloading from central: https://repo.maven.apache.org/maven2/org/junit/jupiter/junit-jupiter-params/5.10.0/junit-jupiter-params-5.10.0.jar
Progress (1): 8.2/586 kBProgress (1): 25/586 kB Progress (1): 41/586 kBProgress (1): 57/586 kBProgress (1): 66/586 kBProgress (1): 82/586 kBProgress (1): 98/586 kBProgress (1): 115/586 kBProgress (1): 131/586 kBProgress (1): 147/586 kBProgress (1): 164/586 kBProgress (1): 180/586 kBProgress (1): 197/586 kBProgress (1): 213/586 kBProgress (2): 213/586 kB | 0.9/106 kBProgress (2): 213/586 kB | 2.3/106 kBProgress (2): 213/586 kB | 3.6/106 kBProgress (2): 213/586 kB | 5.0/106 kBProgress (2): 229/586 kB | 5.0/106 kBProgress (2): 229/586 kB | 6.4/106 kBProgress (2): 229/586 kB | 7.7/106 kBProgress (2): 229/586 kB | 9.1/106 kBProgress (2): 229/586 kB | 10/106 kB Progress (2): 229/586 kB | 12/106 kBProgress (2): 229/586 kB | 12/106 kBProgress (2): 229/586 kB | 14/106 kBProgress (2): 246/586 kB | 14/106 kBProgress (2): 246/586 kB | 15/106 kBProgress (2): 246/586 kB | 16/106 kBProgress (2): 246/586 kB | 18/106 kBProgress (2): 246/586 kB | 19/106 kBProgress (2): 246/586 kB | 21/106 kBProgress (2): 262/586 kB | 21/106 kBProgress (2): 262/586 kB | 22/106 kBProgress (2): 262/586 kB | 23/106 kBProgress (2): 262/586 kB | 25/106 kBProgress (2): 262/586 kB | 26/106 kBProgress (2): 262/586 kB | 27/106 kBProgress (2): 262/586 kB | 29/106 kBProgress (2): 279/586 kB | 29/106 kBProgress (2): 279/586 kB | 30/106 kBProgress (2): 279/586 kB | 31/106 kBProgress (2): 279/586 kB | 33/106 kBProgress (2): 279/586 kB | 34/106 kBProgress (2): 279/586 kB | 36/106 kBProgress (2): 279/586 kB | 37/106 kBProgress (2): 295/586 kB | 37/106 kBProgress (2): 295/586 kB | 38/106 kBProgress (2): 295/586 kB | 40/106 kBProgress (2): 295/586 kB | 41/106 kBProgress (2): 311/586 kB | 41/106 kBProgress (2): 311/586 kB | 42/106 kBProgress (2): 311/586 kB | 44/106 kBProgress (3): 311/586 kB | 44/106 kB | 0.9/14 kBProgress (3): 311/586 kB | 45/106 kB | 0.9/14 kBProgress (3): 311/586 kB | 47/106 kB | 0.9/14 kBProgress (3): 311/586 kB | 47/106 kB | 2.3/14 kBProgress (3): 311/586 kB | 48/106 kB | 2.3/14 kBProgress (3): 328/586 kB | 48/106 kB | 2.3/14 kBProgress (3): 328/586 kB | 49/106 kB | 2.3/14 kBProgress (3): 328/586 kB | 51/106 kB | 2.3/14 kBProgress (3): 328/586 kB | 51/106 kB | 3.6/14 kBProgress (3): 328/586 kB | 52/106 kB | 3.6/14 kBProgress (3): 328/586 kB | 52/106 kB | 5.0/14 kBProgress (3): 328/586 kB | 53/106 kB | 5.0/14 kBProgress (3): 328/586 kB | 55/106 kB | 5.0/14 kBProgress (3): 328/586 kB | 55/106 kB | 6.4/14 kBProgress (3): 344/586 kB | 55/106 kB | 6.4/14 kBProgress (3): 344/586 kB | 55/106 kB | 7.7/14 kBProgress (3): 344/586 kB | 55/106 kB | 9.1/14 kBProgress (3): 344/586 kB | 59/106 kB | 9.1/14 kBProgress (3): 344/586 kB | 59/106 kB | 10/14 kB Progress (3): 344/586 kB | 59/106 kB | 12/14 kBProgress (3): 344/586 kB | 61/106 kB | 12/14 kBProgress (3): 344/586 kB | 61/106 kB | 13/14 kBProgress (3): 344/586 kB | 61/106 kB | 14 kB   Progress (3): 344/586 kB | 66/106 kB | 14 kBProgress (3): 360/586 kB | 66/106 kB | 14 kBProgress (3): 360/586 kB | 70/106 kB | 14 kBProgress (3): 360/586 kB | 74/106 kB | 14 kBProgress (3): 360/586 kB | 78/106 kB | 14 kBProgress (3): 377/586 kB | 78/106 kB | 14 kBProgress (3): 377/586 kB | 83/106 kB | 14 kB                                            Downloaded from central: https://repo.maven.apache.org/maven2/org/opentest4j/opentest4j/1.3.0/opentest4j-1.3.0.jar (14 kB at 94 kB/s)
Downloading from central: https://repo.maven.apache.org/maven2/org/junit/jupiter/junit-jupiter-engine/5.10.0/junit-jupiter-engine-5.10.0.jar
Progress (2): 377/586 kB | 87/106 kBProgress (3): 377/586 kB | 87/106 kB | 0.9/6.8 kBProgress (3): 393/586 kB | 87/106 kB | 0.9/6.8 kBProgress (3): 393/586 kB | 87/106 kB | 2.3/6.8 kBProgress (3): 393/586 kB | 87/106 kB | 3.6/6.8 kBProgress (3): 393/586 kB | 87/106 kB | 5.0/6.8 kBProgress (3): 393/586 kB | 87/106 kB | 6.4/6.8 kBProgress (3): 393/586 kB | 87/106 kB | 6.8 kB    Progress (3): 410/586 kB | 87/106 kB | 6.8 kB                                             Downloaded from central: https://repo.maven.apache.org/maven2/org/apiguardian/apiguardian-api/1.1.2/apiguardian-api-1.1.2.jar (6.8 kB at 45 kB/s)
Downloading from central: https://repo.maven.apache.org/maven2/org/junit/platform/junit-platform-engine/1.10.0/junit-platform-engine-1.10.0.jar
Progress (2): 426/586 kB | 87/106 kBProgress (2): 442/586 kB | 87/106 kBProgress (2): 459/586 kB | 87/106 kBProgress (2): 475/586 kB | 87/106 kBProgress (2): 475/586 kB | 91/106 kBProgress (2): 475/586 kB | 95/106 kBProgress (2): 492/586 kB | 95/106 kBProgress (2): 492/586 kB | 100/106 kBProgress (2): 492/586 kB | 104/106 kBProgress (2): 492/586 kB | 106 kB    Progress (2): 508/586 kB | 106 kBProgress (2): 524/586 kB | 106 kB                                 Downloaded from central: https://repo.maven.apache.org/maven2/org/junit/platform/junit-platform-commons/1.10.0/junit-platform-commons-1.10.0.jar (106 kB at 685 kB/s)
Progress (1): 541/586 kBProgress (1): 557/586 kBProgress (1): 573/586 kBProgress (1): 586 kB                        Downloaded from central: https://repo.maven.apache.org/maven2/org/junit/jupiter/junit-jupiter-params/5.10.0/junit-jupiter-params-5.10.0.jar (586 kB at 3.8 MB/s)
Progress (1): 0.9/211 kBProgress (1): 2.3/211 kBProgress (1): 3.6/211 kBProgress (1): 5.0/211 kBProgress (1): 6.4/211 kBProgress (1): 7.7/211 kBProgress (1): 9.1/211 kBProgress (1): 10/211 kB Progress (1): 12/211 kBProgress (1): 13/211 kBProgress (1): 15/211 kBProgress (1): 16/211 kBProgress (1): 17/211 kBProgress (1): 19/211 kBProgress (1): 20/211 kBProgress (1): 21/211 kBProgress (1): 23/211 kBProgress (1): 24/211 kBProgress (1): 26/211 kBProgress (1): 27/211 kBProgress (1): 28/211 kBProgress (1): 30/211 kBProgress (1): 31/211 kBProgress (1): 32/211 kBProgress (1): 34/211 kBProgress (1): 35/211 kBProgress (1): 36/211 kBProgress (1): 38/211 kBProgress (1): 39/211 kBProgress (1): 41/211 kBProgress (1): 42/211 kBProgress (1): 43/211 kBProgress (1): 45/211 kBProgress (1): 46/211 kBProgress (1): 47/211 kBProgress (1): 49/211 kBProgress (1): 50/211 kBProgress (1): 52/211 kBProgress (1): 53/211 kBProgress (1): 54/211 kBProgress (1): 56/211 kBProgress (1): 60/211 kBProgress (1): 64/211 kBProgress (1): 68/211 kBProgress (1): 73/211 kBProgress (1): 77/211 kBProgress (1): 81/211 kBProgress (1): 85/211 kBProgress (1): 89/211 kBProgress (1): 94/211 kBProgress (1): 98/211 kBProgress (1): 102/211 kBProgress (1): 106/211 kBProgress (1): 111/211 kBProgress (1): 115/211 kBProgress (1): 119/211 kBProgress (1): 123/211 kBProgress (1): 128/211 kBProgress (1): 132/211 kBProgress (1): 136/211 kBProgress (1): 140/211 kBProgress (1): 144/211 kBProgress (1): 149/211 kBProgress (1): 153/211 kBProgress (1): 157/211 kBProgress (1): 161/211 kBProgress (1): 166/211 kBProgress (1): 170/211 kBProgress (1): 174/211 kBProgress (1): 178/211 kBProgress (1): 183/211 kBProgress (1): 187/211 kBProgress (1): 191/211 kBProgress (1): 195/211 kBProgress (1): 199/211 kBProgress (1): 204/211 kBProgress (1): 208/211 kBProgress (1): 211 kB                        Downloaded from central: https://repo.maven.apache.org/maven2/org/junit/jupiter/junit-jupiter-api/5.10.0/junit-jupiter-api-5.10.0.jar (211 kB at 1.0 MB/s)
Progress (1): 0.9/244 kBProgress (1): 2.3/244 kBProgress (1): 3.6/244 kBProgress (1): 5.0/244 kBProgress (1): 6.4/244 kBProgress (1): 7.7/244 kBProgress (1): 9.1/244 kBProgress (1): 10/244 kB Progress (1): 12/244 kBProgress (1): 13/244 kBProgress (1): 15/244 kBProgress (1): 16/244 kBProgress (1): 17/244 kBProgress (1): 19/244 kBProgress (1): 20/244 kBProgress (1): 21/244 kBProgress (2): 21/244 kB | 0.9/205 kBProgress (2): 23/244 kB | 0.9/205 kBProgress (2): 23/244 kB | 2.3/205 kBProgress (2): 24/244 kB | 2.3/205 kBProgress (2): 24/244 kB | 3.6/205 kBProgress (2): 26/244 kB | 3.6/205 kBProgress (2): 26/244 kB | 5.0/205 kBProgress (2): 27/244 kB | 5.0/205 kBProgress (2): 27/244 kB | 6.4/205 kBProgress (2): 27/244 kB | 7.7/205 kBProgress (2): 28/244 kB | 7.7/205 kBProgress (2): 28/244 kB | 9.1/205 kBProgress (2): 30/244 kB | 9.1/205 kBProgress (2): 30/244 kB | 10/205 kB Progress (2): 31/244 kB | 10/205 kBProgress (2): 31/244 kB | 12/205 kBProgress (2): 32/244 kB | 12/205 kBProgress (2): 32/244 kB | 13/205 kBProgress (2): 34/244 kB | 13/205 kBProgress (2): 34/244 kB | 15/205 kBProgress (2): 35/244 kB | 15/205 kBProgress (2): 35/244 kB | 16/205 kBProgress (2): 36/244 kB | 16/205 kBProgress (2): 36/244 kB | 17/205 kBProgress (2): 38/244 kB | 17/205 kBProgress (2): 38/244 kB | 19/205 kBProgress (2): 39/244 kB | 19/205 kBProgress (2): 39/244 kB | 20/205 kBProgress (2): 41/244 kB | 20/205 kBProgress (2): 45/244 kB | 20/205 kBProgress (2): 45/244 kB | 21/205 kBProgress (2): 45/244 kB | 23/205 kBProgress (2): 49/244 kB | 23/205 kBProgress (2): 49/244 kB | 24/205 kBProgress (2): 49/244 kB | 26/205 kBProgress (2): 49/244 kB | 27/205 kBProgress (2): 49/244 kB | 28/205 kBProgress (2): 49/244 kB | 30/205 kBProgress (2): 49/244 kB | 31/205 kBProgress (2): 49/244 kB | 32/205 kBProgress (2): 49/244 kB | 34/205 kBProgress (2): 53/244 kB | 34/205 kBProgress (2): 53/244 kB | 35/205 kBProgress (2): 53/244 kB | 36/205 kBProgress (2): 53/244 kB | 38/205 kBProgress (2): 53/244 kB | 39/205 kBProgress (2): 53/244 kB | 41/205 kBProgress (2): 53/244 kB | 42/205 kBProgress (2): 58/244 kB | 42/205 kBProgress (2): 58/244 kB | 43/205 kBProgress (2): 58/244 kB | 45/205 kBProgress (2): 62/244 kB | 45/205 kBProgress (2): 62/244 kB | 46/205 kBProgress (2): 62/244 kB | 47/205 kBProgress (2): 66/244 kB | 47/205 kBProgress (2): 66/244 kB | 52/205 kBProgress (2): 70/244 kB | 52/205 kBProgress (2): 74/244 kB | 52/205 kBProgress (2): 74/244 kB | 56/205 kBProgress (2): 79/244 kB | 56/205 kBProgress (2): 83/244 kB | 56/205 kBProgress (2): 83/244 kB | 60/205 kBProgress (2): 87/244 kB | 60/205 kBProgress (2): 87/244 kB | 64/205 kBProgress (2): 87/244 kB | 69/205 kBProgress (2): 87/244 kB | 73/205 kBProgress (2): 87/244 kB | 77/205 kBProgress (2): 87/244 kB | 81/205 kBProgress (2): 87/244 kB | 86/205 kBProgress (2): 91/244 kB | 86/205 kBProgress (2): 96/244 kB | 86/205 kBProgress (2): 100/244 kB | 86/205 kBProgress (2): 104/244 kB | 86/205 kBProgress (2): 104/244 kB | 90/205 kBProgress (2): 104/244 kB | 94/205 kBProgress (2): 108/244 kB | 94/205 kBProgress (2): 108/244 kB | 98/205 kBProgress (2): 112/244 kB | 98/205 kBProgress (2): 112/244 kB | 102/205 kBProgress (2): 117/244 kB | 102/205 kBProgress (2): 121/244 kB | 102/205 kBProgress (2): 121/244 kB | 107/205 kBProgress (2): 121/244 kB | 111/205 kBProgress (2): 121/244 kB | 115/205 kBProgress (2): 125/244 kB | 115/205 kBProgress (2): 125/244 kB | 119/205 kBProgress (2): 125/244 kB | 124/205 kBProgress (2): 129/244 kB | 124/205 kBProgress (2): 129/244 kB | 128/205 kBProgress (2): 129/244 kB | 131/205 kBProgress (2): 129/244 kB | 135/205 kBProgress (2): 134/244 kB | 135/205 kBProgress (2): 134/244 kB | 139/205 kBProgress (2): 138/244 kB | 139/205 kBProgress (2): 142/244 kB | 139/205 kBProgress (2): 146/244 kB | 139/205 kBProgress (2): 151/244 kB | 139/205 kBProgress (2): 155/244 kB | 139/205 kBProgress (2): 155/244 kB | 143/205 kBProgress (2): 155/244 kB | 147/205 kBProgress (2): 159/244 kB | 147/205 kBProgress (2): 159/244 kB | 152/205 kBProgress (2): 159/244 kB | 156/205 kBProgress (2): 163/244 kB | 156/205 kBProgress (2): 163/244 kB | 160/205 kBProgress (2): 167/244 kB | 160/205 kBProgress (2): 172/244 kB | 160/205 kBProgress (2): 176/244 kB | 160/205 kBProgress (2): 180/244 kB | 160/205 kBProgress (2): 184/244 kB | 160/205 kBProgress (2): 189/244 kB | 160/205 kBProgress (2): 189/244 kB | 164/205 kBProgress (2): 189/244 kB | 169/205 kBProgress (2): 193/244 kB | 169/205 kBProgress (2): 193/244 kB | 173/205 kBProgress (2): 197/244 kB | 173/205 kBProgress (2): 197/244 kB | 177/205 kBProgress (2): 197/244 kB | 181/205 kBProgress (2): 201/244 kB | 181/205 kBProgress (2): 201/244 kB | 186/205 kBProgress (2): 206/244 kB | 186/205 kBProgress (2): 206/244 kB | 190/205 kBProgress (2): 210/244 kB | 190/205 kBProgress (2): 210/244 kB | 194/205 kBProgress (2): 210/244 kB | 198/205 kBProgress (2): 210/244 kB | 202/205 kBProgress (2): 210/244 kB | 205 kB                                     Downloaded from central: https://repo.maven.apache.org/maven2/org/junit/platform/junit-platform-engine/1.10.0/junit-platform-engine-1.10.0.jar (205 kB at 819 kB/s)
Progress (1): 226/244 kBProgress (1): 243/244 kBProgress (1): 244 kB                        Downloaded from central: https://repo.maven.apache.org/maven2/org/junit/jupiter/junit-jupiter-engine/5.10.0/junit-jupiter-engine-5.10.0.jar (244 kB at 939 kB/s)
[INFO] 
[INFO] --- clean:3.2.0:clean (default-clean) @ hello-world ---
Downloading from central: https://repo.maven.apache.org/maven2/org/apache/maven/shared/maven-shared-utils/3.3.4/maven-shared-utils-3.3.4.pom
Progress (1): 787 BProgress (1): 2.3 kBProgress (1): 4.3 kBProgress (1): 5.8 kB                    Downloaded from central: https://repo.maven.apache.org/maven2/org/apache/maven/shared/maven-shared-utils/3.3.4/maven-shared-utils-3.3.4.pom (5.8 kB at 77 kB/s)
Downloading from central: https://repo.maven.apache.org/maven2/org/apache/maven/shared/maven-shared-components/34/maven-shared-components-34.pom
Progress (1): 798 BProgress (1): 2.3 kBProgress (1): 4.6 kBProgress (1): 5.1 kB                    Downloaded from central: https://repo.maven.apache.org/maven2/org/apache/maven/shared/maven-shared-components/34/maven-shared-components-34.pom (5.1 kB at 74 kB/s)
Downloading from central: https://repo.maven.apache.org/maven2/org/apache/maven/maven-parent/34/maven-parent-34.pom
Progress (1): 721 BProgress (1): 1.9 kBProgress (1): 5.4 kBProgress (1): 9.8 kBProgress (1): 14 kB Progress (1): 19 kBProgress (1): 23 kBProgress (1): 26 kBProgress (1): 27 kBProgress (1): 30 kBProgress (1): 34 kBProgress (1): 37 kBProgress (1): 40 kBProgress (1): 43 kB                   Downloaded from central: https://repo.maven.apache.org/maven2/org/apache/maven/maven-parent/34/maven-parent-34.pom (43 kB at 621 kB/s)
Downloading from central: https://repo.maven.apache.org/maven2/org/apache/apache/23/apache-23.pom
Progress (1): 749 BProgress (1): 2.1 kBProgress (1): 3.9 kBProgress (1): 7.9 kBProgress (1): 13 kB Progress (1): 16 kBProgress (1): 18 kB                   Downloaded from central: https://repo.maven.apache.org/maven2/org/apache/apache/23/apache-23.pom (18 kB at 233 kB/s)
Downloading from central: https://repo.maven.apache.org/maven2/commons-io/commons-io/2.6/commons-io-2.6.pom
Progress (1): 774 BProgress (1): 2.1 kBProgress (1): 5.3 kBProgress (1): 7.4 kBProgress (1): 9.4 kBProgress (1): 12 kB Progress (1): 14 kB                   Downloaded from central: https://repo.maven.apache.org/maven2/commons-io/commons-io/2.6/commons-io-2.6.pom (14 kB at 201 kB/s)
Downloading from central: https://repo.maven.apache.org/maven2/org/apache/commons/commons-parent/42/commons-parent-42.pom
Progress (1): 707 BProgress (1): 1.9 kBProgress (1): 3.1 kBProgress (1): 4.5 kBProgress (1): 5.9 kBProgress (1): 7.5 kBProgress (1): 11 kB Progress (1): 14 kBProgress (1): 17 kBProgress (1): 20 kBProgress (1): 23 kBProgress (1): 26 kBProgress (1): 29 kBProgress (1): 31 kBProgress (1): 34 kBProgress (1): 34 kBProgress (1): 37 kBProgress (1): 40 kBProgress (1): 44 kBProgress (1): 48 kBProgress (1): 53 kBProgress (1): 55 kBProgress (1): 59 kBProgress (1): 60 kBProgress (1): 62 kBProgress (1): 65 kBProgress (1): 66 kBProgress (1): 68 kB                   Downloaded from central: https://repo.maven.apache.org/maven2/org/apache/commons/commons-parent/42/commons-parent-42.pom (68 kB at 931 kB/s)
Downloading from central: https://repo.maven.apache.org/maven2/org/apache/apache/18/apache-18.pom
Progress (1): 745 BProgress (1): 2.1 kBProgress (1): 3.9 kBProgress (1): 8.0 kBProgress (1): 12 kB Progress (1): 14 kBProgress (1): 16 kB                   Downloaded from central: https://repo.maven.apache.org/maven2/org/apache/apache/18/apache-18.pom (16 kB at 257 kB/s)
Downloading from central: https://repo.maven.apache.org/maven2/org/apache/maven/shared/maven-shared-utils/3.3.4/maven-shared-utils-3.3.4.jar
Downloading from central: https://repo.maven.apache.org/maven2/commons-io/commons-io/2.6/commons-io-2.6.jar
Progress (1): 3.8/215 kBProgress (1): 8.0/215 kBProgress (2): 8.0/215 kB | 7.7/153 kBProgress (2): 8.0/215 kB | 16/153 kB Progress (2): 8.0/215 kB | 32/153 kBProgress (2): 24/215 kB | 32/153 kB Progress (2): 25/215 kB | 32/153 kBProgress (2): 25/215 kB | 49/153 kBProgress (2): 25/215 kB | 65/153 kBProgress (2): 41/215 kB | 65/153 kBProgress (2): 41/215 kB | 81/153 kBProgress (2): 57/215 kB | 81/153 kBProgress (2): 57/215 kB | 98/153 kBProgress (2): 74/215 kB | 98/153 kBProgress (2): 74/215 kB | 114/153 kBProgress (2): 90/215 kB | 114/153 kBProgress (2): 90/215 kB | 131/153 kBProgress (2): 90/215 kB | 147/153 kBProgress (2): 106/215 kB | 147/153 kBProgress (2): 106/215 kB | 153 kB    Progress (2): 123/215 kB | 153 kB                                 Downloaded from central: https://repo.maven.apache.org/maven2/org/apache/maven/shared/maven-shared-utils/3.3.4/maven-shared-utils-3.3.4.jar (153 kB at 2.4 MB/s)
Progress (1): 139/215 kBProgress (1): 156/215 kBProgress (1): 172/215 kBProgress (1): 188/215 kBProgress (1): 205/215 kBProgress (1): 215 kB                        Downloaded from central: https://repo.maven.apache.org/maven2/commons-io/commons-io/2.6/commons-io-2.6.jar (215 kB at 3.0 MB/s)
[INFO] Deleting /home/jenkins/workspace/multi_lesson26/lesson26/hello-world/target
[INFO] 
[INFO] --- resources:3.3.1:resources (default-resources) @ hello-world ---
Downloading from central: https://repo.maven.apache.org/maven2/org/codehaus/plexus/plexus-interpolation/1.26/plexus-interpolation-1.26.pom
Progress (1): 1.4 kBProgress (1): 2.7 kB                    Downloaded from central: https://repo.maven.apache.org/maven2/org/codehaus/plexus/plexus-interpolation/1.26/plexus-interpolation-1.26.pom (2.7 kB at 34 kB/s)
Downloading from central: https://repo.maven.apache.org/maven2/org/codehaus/plexus/plexus/5.1/plexus-5.1.pom
Progress (1): 697 BProgress (1): 2.7 kBProgress (1): 6.4 kBProgress (1): 9.1 kBProgress (1): 11 kB Progress (1): 16 kBProgress (1): 20 kBProgress (1): 23 kB                   Downloaded from central: https://repo.maven.apache.org/maven2/org/codehaus/plexus/plexus/5.1/plexus-5.1.pom (23 kB at 326 kB/s)
Downloading from central: https://repo.maven.apache.org/maven2/org/codehaus/plexus/plexus-utils/3.5.1/plexus-utils-3.5.1.pom
Progress (1): 725 BProgress (1): 2.4 kBProgress (1): 4.4 kBProgress (1): 8.5 kBProgress (1): 8.8 kB                    Downloaded from central: https://repo.maven.apache.org/maven2/org/codehaus/plexus/plexus-utils/3.5.1/plexus-utils-3.5.1.pom (8.8 kB at 131 kB/s)
Downloading from central: https://repo.maven.apache.org/maven2/org/codehaus/plexus/plexus/10/plexus-10.pom
Progress (1): 700 BProgress (1): 2.7 kBProgress (1): 6.4 kBProgress (1): 9.2 kBProgress (1): 11 kB Progress (1): 15 kBProgress (1): 20 kBProgress (1): 24 kBProgress (1): 25 kB                   Downloaded from central: https://repo.maven.apache.org/maven2/org/codehaus/plexus/plexus/10/plexus-10.pom (25 kB at 339 kB/s)
Downloading from central: https://repo.maven.apache.org/maven2/org/apache/maven/shared/maven-filtering/3.3.1/maven-filtering-3.3.1.pom
Progress (1): 799 BProgress (1): 2.3 kBProgress (1): 5.6 kBProgress (1): 6.0 kB                    Downloaded from central: https://repo.maven.apache.org/maven2/org/apache/maven/shared/maven-filtering/3.3.1/maven-filtering-3.3.1.pom (6.0 kB at 91 kB/s)
Downloading from central: https://repo.maven.apache.org/maven2/org/apache/maven/shared/maven-shared-components/39/maven-shared-components-39.pom
Progress (1): 812 BProgress (1): 2.2 kBProgress (1): 3.2 kB                    Downloaded from central: https://repo.maven.apache.org/maven2/org/apache/maven/shared/maven-shared-components/39/maven-shared-components-39.pom (3.2 kB at 39 kB/s)
Downloading from central: https://repo.maven.apache.org/maven2/javax/inject/javax.inject/1/javax.inject-1.pom
Progress (1): 612 B                   Downloaded from central: https://repo.maven.apache.org/maven2/javax/inject/javax.inject/1/javax.inject-1.pom (612 B at 8.1 kB/s)
Downloading from central: https://repo.maven.apache.org/maven2/org/slf4j/slf4j-api/1.7.36/slf4j-api-1.7.36.pom
Progress (1): 1.0 kBProgress (1): 2.7 kB                    Downloaded from central: https://repo.maven.apache.org/maven2/org/slf4j/slf4j-api/1.7.36/slf4j-api-1.7.36.pom (2.7 kB at 53 kB/s)
Downloading from central: https://repo.maven.apache.org/maven2/org/slf4j/slf4j-parent/1.7.36/slf4j-parent-1.7.36.pom
Progress (1): 1.0 kBProgress (1): 3.0 kBProgress (1): 5.9 kBProgress (1): 8.7 kBProgress (1): 12 kB Progress (1): 14 kB                   Downloaded from central: https://repo.maven.apache.org/maven2/org/slf4j/slf4j-parent/1.7.36/slf4j-parent-1.7.36.pom (14 kB at 207 kB/s)
Downloading from central: https://repo.maven.apache.org/maven2/org/sonatype/plexus/plexus-build-api/0.0.7/plexus-build-api-0.0.7.pom
Progress (1): 910 BProgress (1): 3.2 kB                    Downloaded from central: https://repo.maven.apache.org/maven2/org/sonatype/plexus/plexus-build-api/0.0.7/plexus-build-api-0.0.7.pom (3.2 kB at 44 kB/s)
Downloading from central: https://repo.maven.apache.org/maven2/org/sonatype/spice/spice-parent/15/spice-parent-15.pom
Progress (1): 1.2 kBProgress (1): 3.7 kBProgress (1): 7.3 kBProgress (1): 8.4 kB                    Downloaded from central: https://repo.maven.apache.org/maven2/org/sonatype/spice/spice-parent/15/spice-parent-15.pom (8.4 kB at 125 kB/s)
Downloading from central: https://repo.maven.apache.org/maven2/org/sonatype/forge/forge-parent/5/forge-parent-5.pom
Progress (1): 1.3 kBProgress (1): 5.5 kBProgress (1): 8.4 kB                    Downloaded from central: https://repo.maven.apache.org/maven2/org/sonatype/forge/forge-parent/5/forge-parent-5.pom (8.4 kB at 116 kB/s)
Downloading from central: https://repo.maven.apache.org/maven2/org/codehaus/plexus/plexus-utils/3.5.0/plexus-utils-3.5.0.pom
Progress (1): 725 BProgress (1): 2.4 kBProgress (1): 4.5 kBProgress (1): 8.0 kB                    Downloaded from central: https://repo.maven.apache.org/maven2/org/codehaus/plexus/plexus-utils/3.5.0/plexus-utils-3.5.0.pom (8.0 kB at 103 kB/s)
Downloading from central: https://repo.maven.apache.org/maven2/commons-io/commons-io/2.11.0/commons-io-2.11.0.pom
Progress (1): 760 BProgress (1): 2.1 kBProgress (1): 5.2 kBProgress (1): 7.6 kBProgress (1): 10 kB Progress (1): 12 kBProgress (1): 15 kBProgress (1): 18 kBProgress (1): 20 kB                   Downloaded from central: https://repo.maven.apache.org/maven2/commons-io/commons-io/2.11.0/commons-io-2.11.0.pom (20 kB at 313 kB/s)
Downloading from central: https://repo.maven.apache.org/maven2/org/apache/commons/commons-parent/52/commons-parent-52.pom
Progress (1): 702 BProgress (1): 1.8 kBProgress (1): 3.1 kBProgress (1): 4.6 kBProgress (1): 6.7 kBProgress (1): 8.1 kBProgress (1): 10 kB Progress (1): 12 kBProgress (1): 15 kBProgress (1): 17 kBProgress (1): 20 kBProgress (1): 22 kBProgress (1): 25 kBProgress (1): 29 kBProgress (1): 32 kBProgress (1): 32 kBProgress (1): 36 kBProgress (1): 39 kBProgress (1): 42 kBProgress (1): 44 kBProgress (1): 47 kBProgress (1): 51 kBProgress (1): 54 kBProgress (1): 56 kBProgress (1): 61 kBProgress (1): 65 kBProgress (1): 73 kBProgress (1): 75 kBProgress (1): 79 kB                   Downloaded from central: https://repo.maven.apache.org/maven2/org/apache/commons/commons-parent/52/commons-parent-52.pom (79 kB at 1.2 MB/s)
Downloading from central: https://repo.maven.apache.org/maven2/org/junit/junit-bom/5.7.2/junit-bom-5.7.2.pom
Progress (1): 911 BProgress (1): 4.1 kBProgress (1): 5.1 kB                    Downloaded from central: https://repo.maven.apache.org/maven2/org/junit/junit-bom/5.7.2/junit-bom-5.7.2.pom (5.1 kB at 72 kB/s)
Downloading from central: https://repo.maven.apache.org/maven2/org/apache/commons/commons-lang3/3.12.0/commons-lang3-3.12.0.pom
Progress (1): 728 BProgress (1): 2.0 kBProgress (1): 5.2 kBProgress (1): 8.8 kBProgress (1): 12 kB Progress (1): 15 kBProgress (1): 17 kBProgress (1): 18 kBProgress (1): 21 kBProgress (1): 24 kBProgress (1): 27 kBProgress (1): 30 kBProgress (1): 31 kB                   Downloaded from central: https://repo.maven.apache.org/maven2/org/apache/commons/commons-lang3/3.12.0/commons-lang3-3.12.0.pom (31 kB at 487 kB/s)
Downloading from central: https://repo.maven.apache.org/maven2/org/junit/junit-bom/5.7.1/junit-bom-5.7.1.pom
Progress (1): 911 BProgress (1): 4.1 kBProgress (1): 5.1 kB                    Downloaded from central: https://repo.maven.apache.org/maven2/org/junit/junit-bom/5.7.1/junit-bom-5.7.1.pom (5.1 kB at 80 kB/s)
Downloading from central: https://repo.maven.apache.org/maven2/org/codehaus/plexus/plexus-interpolation/1.26/plexus-interpolation-1.26.jar
Downloading from central: https://repo.maven.apache.org/maven2/org/codehaus/plexus/plexus-utils/3.5.1/plexus-utils-3.5.1.jar
Downloading from central: https://repo.maven.apache.org/maven2/org/apache/maven/shared/maven-filtering/3.3.1/maven-filtering-3.3.1.jar
Downloading from central: https://repo.maven.apache.org/maven2/javax/inject/javax.inject/1/javax.inject-1.jar
Downloading from central: https://repo.maven.apache.org/maven2/org/slf4j/slf4j-api/1.7.36/slf4j-api-1.7.36.jar
Progress (1): 7.7/85 kBProgress (1): 16/85 kB Progress (1): 32/85 kBProgress (1): 49/85 kBProgress (1): 65/85 kBProgress (1): 81/85 kBProgress (1): 85 kB                      Downloaded from central: https://repo.maven.apache.org/maven2/org/codehaus/plexus/plexus-interpolation/1.26/plexus-interpolation-1.26.jar (85 kB at 1.3 MB/s)
Downloading from central: https://repo.maven.apache.org/maven2/org/sonatype/plexus/plexus-build-api/0.0.7/plexus-build-api-0.0.7.jar
Progress (1): 3.8/41 kBProgress (1): 8.0/41 kBProgress (1): 12/41 kB Progress (1): 16/41 kBProgress (1): 21/41 kBProgress (1): 25/41 kBProgress (1): 29/41 kBProgress (2): 29/41 kB | 7.7/269 kBProgress (2): 33/41 kB | 7.7/269 kBProgress (2): 33/41 kB | 16/269 kB Progress (2): 38/41 kB | 16/269 kBProgress (2): 41 kB | 16/269 kB   Progress (2): 41 kB | 32/269 kBProgress (2): 41 kB | 49/269 kB                               Downloaded from central: https://repo.maven.apache.org/maven2/org/slf4j/slf4j-api/1.7.36/slf4j-api-1.7.36.jar (41 kB at 541 kB/s)
Downloading from central: https://repo.maven.apache.org/maven2/commons-io/commons-io/2.11.0/commons-io-2.11.0.jar
Progress (1): 65/269 kBProgress (2): 65/269 kB | 3.8/55 kBProgress (3): 65/269 kB | 3.8/55 kB | 2.5 kBProgress (3): 65/269 kB | 8.0/55 kB | 2.5 kBProgress (3): 81/269 kB | 8.0/55 kB | 2.5 kBProgress (3): 98/269 kB | 8.0/55 kB | 2.5 kB                                            Downloaded from central: https://repo.maven.apache.org/maven2/javax/inject/javax.inject/1/javax.inject-1.jar (2.5 kB at 29 kB/s)
Downloading from central: https://repo.maven.apache.org/maven2/org/apache/commons/commons-lang3/3.12.0/commons-lang3-3.12.0.jar
Progress (2): 114/269 kB | 8.0/55 kBProgress (2): 131/269 kB | 8.0/55 kBProgress (2): 147/269 kB | 8.0/55 kBProgress (2): 163/269 kB | 8.0/55 kBProgress (2): 180/269 kB | 8.0/55 kBProgress (2): 196/269 kB | 8.0/55 kBProgress (2): 196/269 kB | 12/55 kB Progress (2): 196/269 kB | 29/55 kBProgress (2): 196/269 kB | 45/55 kBProgress (2): 196/269 kB | 55 kB   Progress (2): 212/269 kB | 55 kBProgress (2): 229/269 kB | 55 kBProgress (2): 233/269 kB | 55 kBProgress (2): 250/269 kB | 55 kB                                Downloaded from central: https://repo.maven.apache.org/maven2/org/apache/maven/shared/maven-filtering/3.3.1/maven-filtering-3.3.1.jar (55 kB at 524 kB/s)
Progress (1): 266/269 kBProgress (1): 269 kB                        Downloaded from central: https://repo.maven.apache.org/maven2/org/codehaus/plexus/plexus-utils/3.5.1/plexus-utils-3.5.1.jar (269 kB at 2.4 MB/s)
Progress (1): 7.7/8.5 kBProgress (1): 8.5 kB                        Downloaded from central: https://repo.maven.apache.org/maven2/org/sonatype/plexus/plexus-build-api/0.0.7/plexus-build-api-0.0.7.jar (8.5 kB at 62 kB/s)
Progress (1): 3.8/327 kBProgress (1): 8.0/327 kBProgress (1): 12/327 kB Progress (1): 16/327 kBProgress (1): 21/327 kBProgress (1): 25/327 kBProgress (1): 29/327 kBProgress (1): 33/327 kBProgress (1): 38/327 kBProgress (1): 42/327 kBProgress (1): 46/327 kBProgress (1): 50/327 kBProgress (1): 55/327 kBProgress (1): 59/327 kBProgress (1): 63/327 kBProgress (1): 67/327 kBProgress (1): 71/327 kBProgress (1): 88/327 kBProgress (1): 104/327 kBProgress (1): 121/327 kBProgress (1): 137/327 kBProgress (1): 153/327 kBProgress (2): 153/327 kB | 7.7/587 kBProgress (2): 153/327 kB | 16/587 kB Progress (2): 153/327 kB | 32/587 kBProgress (2): 153/327 kB | 49/587 kBProgress (2): 153/327 kB | 65/587 kBProgress (2): 170/327 kB | 65/587 kBProgress (2): 170/327 kB | 81/587 kBProgress (2): 186/327 kB | 81/587 kBProgress (2): 186/327 kB | 98/587 kBProgress (2): 186/327 kB | 114/587 kBProgress (2): 202/327 kB | 114/587 kBProgress (2): 219/327 kB | 114/587 kBProgress (2): 219/327 kB | 131/587 kBProgress (2): 235/327 kB | 131/587 kBProgress (2): 235/327 kB | 147/587 kBProgress (2): 252/327 kB | 147/587 kBProgress (2): 252/327 kB | 163/587 kBProgress (2): 268/327 kB | 163/587 kBProgress (2): 268/327 kB | 180/587 kBProgress (2): 284/327 kB | 180/587 kBProgress (2): 284/327 kB | 196/587 kBProgress (2): 301/327 kB | 196/587 kBProgress (2): 301/327 kB | 213/587 kBProgress (2): 317/327 kB | 213/587 kBProgress (2): 317/327 kB | 229/587 kBProgress (2): 327 kB | 229/587 kB    Progress (2): 327 kB | 245/587 kBProgress (2): 327 kB | 262/587 kB                                 Downloaded from central: https://repo.maven.apache.org/maven2/commons-io/commons-io/2.11.0/commons-io-2.11.0.jar (327 kB at 1.7 MB/s)
Progress (1): 278/587 kBProgress (1): 294/587 kBProgress (1): 311/587 kBProgress (1): 327/587 kBProgress (1): 344/587 kBProgress (1): 360/587 kBProgress (1): 376/587 kBProgress (1): 393/587 kBProgress (1): 409/587 kBProgress (1): 426/587 kBProgress (1): 442/587 kBProgress (1): 458/587 kBProgress (1): 475/587 kBProgress (1): 491/587 kBProgress (1): 507/587 kBProgress (1): 524/587 kBProgress (1): 540/587 kBProgress (1): 557/587 kBProgress (1): 573/587 kBProgress (1): 587 kB                        Downloaded from central: https://repo.maven.apache.org/maven2/org/apache/commons/commons-lang3/3.12.0/commons-lang3-3.12.0.jar (587 kB at 2.7 MB/s)
[WARNING] Using platform encoding (UTF-8 actually) to copy filtered resources, i.e. build is platform dependent!
[INFO] skip non existing resourceDirectory /home/jenkins/workspace/multi_lesson26/lesson26/hello-world/src/main/resources
[INFO] 
[INFO] --- compiler:3.13.0:compile (default-compile) @ hello-world ---
Downloading from central: https://repo.maven.apache.org/maven2/org/apache/maven/shared/maven-shared-utils/3.4.2/maven-shared-utils-3.4.2.pom
Progress (1): 793 BProgress (1): 2.3 kBProgress (1): 4.3 kBProgress (1): 5.9 kB                    Downloaded from central: https://repo.maven.apache.org/maven2/org/apache/maven/shared/maven-shared-utils/3.4.2/maven-shared-utils-3.4.2.pom (5.9 kB at 94 kB/s)
Downloading from central: https://repo.maven.apache.org/maven2/org/apache/maven/shared/maven-shared-incremental/1.1/maven-shared-incremental-1.1.pom
Progress (1): 803 BProgress (1): 2.3 kBProgress (1): 4.7 kB                    Downloaded from central: https://repo.maven.apache.org/maven2/org/apache/maven/shared/maven-shared-incremental/1.1/maven-shared-incremental-1.1.pom (4.7 kB at 58 kB/s)
Downloading from central: https://repo.maven.apache.org/maven2/org/apache/maven/shared/maven-shared-components/19/maven-shared-components-19.pom
Progress (1): 773 BProgress (1): 2.4 kBProgress (1): 4.2 kBProgress (1): 6.4 kB                    Downloaded from central: https://repo.maven.apache.org/maven2/org/apache/maven/shared/maven-shared-components/19/maven-shared-components-19.pom (6.4 kB at 95 kB/s)
Downloading from central: https://repo.maven.apache.org/maven2/org/apache/maven/maven-parent/23/maven-parent-23.pom
Progress (1): 721 BProgress (1): 1.9 kBProgress (1): 5.9 kBProgress (1): 10 kB Progress (1): 15 kBProgress (1): 18 kBProgress (1): 22 kBProgress (1): 25 kBProgress (1): 27 kBProgress (1): 31 kBProgress (1): 33 kB                   Downloaded from central: https://repo.maven.apache.org/maven2/org/apache/maven/maven-parent/23/maven-parent-23.pom (33 kB at 509 kB/s)
Downloading from central: https://repo.maven.apache.org/maven2/org/apache/apache/13/apache-13.pom
Progress (1): 749 BProgress (1): 2.1 kBProgress (1): 4.1 kBProgress (1): 8.9 kBProgress (1): 11 kB Progress (1): 14 kB                   Downloaded from central: https://repo.maven.apache.org/maven2/org/apache/apache/13/apache-13.pom (14 kB at 229 kB/s)
Downloading from central: https://repo.maven.apache.org/maven2/org/codehaus/plexus/plexus-java/1.2.0/plexus-java-1.2.0.pom
Progress (1): 1.9 kBProgress (1): 4.3 kB                    Downloaded from central: https://repo.maven.apache.org/maven2/org/codehaus/plexus/plexus-java/1.2.0/plexus-java-1.2.0.pom (4.3 kB at 65 kB/s)
Downloading from central: https://repo.maven.apache.org/maven2/org/codehaus/plexus/plexus-languages/1.2.0/plexus-languages-1.2.0.pom
Progress (1): 1.3 kBProgress (1): 3.2 kB                    Downloaded from central: https://repo.maven.apache.org/maven2/org/codehaus/plexus/plexus-languages/1.2.0/plexus-languages-1.2.0.pom (3.2 kB at 49 kB/s)
Downloading from central: https://repo.maven.apache.org/maven2/org/codehaus/plexus/plexus/15/plexus-15.pom
Progress (1): 688 BProgress (1): 2.5 kBProgress (1): 6.4 kBProgress (1): 8.8 kBProgress (1): 11 kB Progress (1): 14 kBProgress (1): 18 kBProgress (1): 21 kBProgress (1): 25 kBProgress (1): 28 kB                   Downloaded from central: https://repo.maven.apache.org/maven2/org/codehaus/plexus/plexus/15/plexus-15.pom (28 kB at 428 kB/s)
Downloading from central: https://repo.maven.apache.org/maven2/org/ow2/asm/asm/9.6/asm-9.6.pom
Progress (1): 1.3 kBProgress (1): 2.4 kB                    Downloaded from central: https://repo.maven.apache.org/maven2/org/ow2/asm/asm/9.6/asm-9.6.pom (2.4 kB at 28 kB/s)
Downloading from central: https://repo.maven.apache.org/maven2/org/ow2/ow2/1.5.1/ow2-1.5.1.pom
Progress (1): 707 BProgress (1): 2.1 kBProgress (1): 3.6 kBProgress (1): 5.7 kBProgress (1): 8.0 kBProgress (1): 11 kB                    Downloaded from central: https://repo.maven.apache.org/maven2/org/ow2/ow2/1.5.1/ow2-1.5.1.pom (11 kB at 171 kB/s)
Downloading from central: https://repo.maven.apache.org/maven2/com/thoughtworks/qdox/qdox/2.0.3/qdox-2.0.3.pom
Progress (1): 871 BProgress (1): 3.4 kBProgress (1): 6.6 kBProgress (1): 10 kB Progress (1): 13 kBProgress (1): 17 kB                   Downloaded from central: https://repo.maven.apache.org/maven2/com/thoughtworks/qdox/qdox/2.0.3/qdox-2.0.3.pom (17 kB at 246 kB/s)
Downloading from central: https://repo.maven.apache.org/maven2/org/sonatype/oss/oss-parent/9/oss-parent-9.pom
Progress (1): 835 BProgress (1): 2.7 kBProgress (1): 6.2 kBProgress (1): 6.6 kB                    Downloaded from central: https://repo.maven.apache.org/maven2/org/sonatype/oss/oss-parent/9/oss-parent-9.pom (6.6 kB at 117 kB/s)
Downloading from central: https://repo.maven.apache.org/maven2/org/codehaus/plexus/plexus-compiler-api/2.15.0/plexus-compiler-api-2.15.0.pom
Progress (1): 1.4 kB                    Downloaded from central: https://repo.maven.apache.org/maven2/org/codehaus/plexus/plexus-compiler-api/2.15.0/plexus-compiler-api-2.15.0.pom (1.4 kB at 22 kB/s)
Downloading from central: https://repo.maven.apache.org/maven2/org/codehaus/plexus/plexus-compiler/2.15.0/plexus-compiler-2.15.0.pom
Progress (1): 1.2 kBProgress (1): 4.4 kBProgress (1): 7.6 kBProgress (1): 7.6 kB                    Downloaded from central: https://repo.maven.apache.org/maven2/org/codehaus/plexus/plexus-compiler/2.15.0/plexus-compiler-2.15.0.pom (7.6 kB at 127 kB/s)
Downloading from central: https://repo.maven.apache.org/maven2/org/codehaus/plexus/plexus/17/plexus-17.pom
Progress (1): 688 BProgress (1): 2.5 kBProgress (1): 6.4 kBProgress (1): 8.8 kBProgress (1): 11 kB Progress (1): 14 kBProgress (1): 18 kBProgress (1): 21 kBProgress (1): 25 kBProgress (1): 28 kB                   Downloaded from central: https://repo.maven.apache.org/maven2/org/codehaus/plexus/plexus/17/plexus-17.pom (28 kB at 486 kB/s)
Downloading from central: https://repo.maven.apache.org/maven2/org/codehaus/plexus/plexus-utils/4.0.0/plexus-utils-4.0.0.pom
Progress (1): 724 BProgress (1): 2.3 kBProgress (1): 4.5 kBProgress (1): 8.7 kB                    Downloaded from central: https://repo.maven.apache.org/maven2/org/codehaus/plexus/plexus-utils/4.0.0/plexus-utils-4.0.0.pom (8.7 kB at 157 kB/s)
Downloading from central: https://repo.maven.apache.org/maven2/org/codehaus/plexus/plexus/13/plexus-13.pom
Progress (1): 692 BProgress (1): 2.5 kBProgress (1): 6.4 kBProgress (1): 8.8 kBProgress (1): 11 kB Progress (1): 14 kBProgress (1): 18 kBProgress (1): 21 kBProgress (1): 25 kBProgress (1): 27 kB                   Downloaded from central: https://repo.maven.apache.org/maven2/org/codehaus/plexus/plexus/13/plexus-13.pom (27 kB at 498 kB/s)
Downloading from central: https://repo.maven.apache.org/maven2/org/codehaus/plexus/plexus-compiler-manager/2.15.0/plexus-compiler-manager-2.15.0.pom
Progress (1): 1.3 kB                    Downloaded from central: https://repo.maven.apache.org/maven2/org/codehaus/plexus/plexus-compiler-manager/2.15.0/plexus-compiler-manager-2.15.0.pom (1.3 kB at 24 kB/s)
Downloading from central: https://repo.maven.apache.org/maven2/org/codehaus/plexus/plexus-xml/3.0.0/plexus-xml-3.0.0.pom
Progress (1): 815 BProgress (1): 2.7 kBProgress (1): 3.7 kB                    Downloaded from central: https://repo.maven.apache.org/maven2/org/codehaus/plexus/plexus-xml/3.0.0/plexus-xml-3.0.0.pom (3.7 kB at 64 kB/s)
Downloading from central: https://repo.maven.apache.org/maven2/org/codehaus/plexus/plexus-compiler-javac/2.15.0/plexus-compiler-javac-2.15.0.pom
Progress (1): 1.3 kB                    Downloaded from central: https://repo.maven.apache.org/maven2/org/codehaus/plexus/plexus-compiler-javac/2.15.0/plexus-compiler-javac-2.15.0.pom (1.3 kB at 23 kB/s)
Downloading from central: https://repo.maven.apache.org/maven2/org/codehaus/plexus/plexus-compilers/2.15.0/plexus-compilers-2.15.0.pom
Progress (1): 1.6 kBProgress (1): 1.6 kB                    Downloaded from central: https://repo.maven.apache.org/maven2/org/codehaus/plexus/plexus-compilers/2.15.0/plexus-compilers-2.15.0.pom (1.6 kB at 27 kB/s)
Downloading from central: https://repo.maven.apache.org/maven2/org/apache/maven/shared/maven-shared-utils/3.4.2/maven-shared-utils-3.4.2.jar
Downloading from central: https://repo.maven.apache.org/maven2/org/apache/maven/shared/maven-shared-incremental/1.1/maven-shared-incremental-1.1.jar
Downloading from central: https://repo.maven.apache.org/maven2/org/codehaus/plexus/plexus-java/1.2.0/plexus-java-1.2.0.jar
Downloading from central: https://repo.maven.apache.org/maven2/org/ow2/asm/asm/9.6/asm-9.6.jar
Downloading from central: https://repo.maven.apache.org/maven2/com/thoughtworks/qdox/qdox/2.0.3/qdox-2.0.3.jar
Progress (1): 7.7/58 kBProgress (1): 16/58 kB Progress (1): 24/58 kBProgress (1): 41/58 kBProgress (1): 57/58 kBProgress (1): 58 kB                      Downloaded from central: https://repo.maven.apache.org/maven2/org/codehaus/plexus/plexus-java/1.2.0/plexus-java-1.2.0.jar (58 kB at 899 kB/s)
Downloading from central: https://repo.maven.apache.org/maven2/org/codehaus/plexus/plexus-compiler-api/2.15.0/plexus-compiler-api-2.15.0.jar
Progress (1): 7.7/14 kBProgress (1): 14 kB                       Downloaded from central: https://repo.maven.apache.org/maven2/org/apache/maven/shared/maven-shared-incremental/1.1/maven-shared-incremental-1.1.jar (14 kB at 178 kB/s)
Downloading from central: https://repo.maven.apache.org/maven2/org/codehaus/plexus/plexus-compiler-manager/2.15.0/plexus-compiler-manager-2.15.0.jar
Progress (1): 8.2/334 kBProgress (1): 25/334 kB Progress (2): 25/334 kB | 7.7/124 kBProgress (2): 25/334 kB | 16/124 kB Progress (2): 41/334 kB | 16/124 kBProgress (2): 41/334 kB | 32/124 kBProgress (2): 57/334 kB | 32/124 kBProgress (2): 74/334 kB | 32/124 kBProgress (2): 90/334 kB | 32/124 kBProgress (2): 106/334 kB | 32/124 kBProgress (2): 123/334 kB | 32/124 kBProgress (2): 139/334 kB | 32/124 kBProgress (2): 156/334 kB | 32/124 kBProgress (3): 156/334 kB | 32/124 kB | 7.7/151 kBProgress (3): 156/334 kB | 32/124 kB | 16/151 kB Progress (3): 156/334 kB | 32/124 kB | 16/151 kBProgress (3): 172/334 kB | 32/124 kB | 16/151 kBProgress (3): 172/334 kB | 49/124 kB | 16/151 kBProgress (3): 172/334 kB | 49/124 kB | 33/151 kBProgress (3): 172/334 kB | 65/124 kB | 33/151 kBProgress (3): 188/334 kB | 65/124 kB | 33/151 kBProgress (3): 188/334 kB | 65/124 kB | 41/151 kBProgress (3): 205/334 kB | 65/124 kB | 41/151 kBProgress (3): 205/334 kB | 65/124 kB | 57/151 kBProgress (3): 205/334 kB | 81/124 kB | 57/151 kBProgress (3): 221/334 kB | 81/124 kB | 57/151 kBProgress (3): 225/334 kB | 81/124 kB | 57/151 kBProgress (3): 225/334 kB | 81/124 kB | 74/151 kBProgress (3): 225/334 kB | 98/124 kB | 74/151 kBProgress (3): 241/334 kB | 98/124 kB | 74/151 kBProgress (3): 241/334 kB | 98/124 kB | 90/151 kBProgress (3): 241/334 kB | 114/124 kB | 90/151 kBProgress (3): 258/334 kB | 114/124 kB | 90/151 kBProgress (3): 258/334 kB | 124 kB | 90/151 kB    Progress (3): 258/334 kB | 124 kB | 106/151 kBProgress (3): 274/334 kB | 124 kB | 106/151 kBProgress (3): 274/334 kB | 124 kB | 123/151 kBProgress (3): 290/334 kB | 124 kB | 123/151 kB                                              Downloaded from central: https://repo.maven.apache.org/maven2/org/ow2/asm/asm/9.6/asm-9.6.jar (124 kB at 1.3 MB/s)
Downloading from central: https://repo.maven.apache.org/maven2/org/codehaus/plexus/plexus-xml/3.0.0/plexus-xml-3.0.0.jar
Progress (2): 307/334 kB | 123/151 kBProgress (2): 307/334 kB | 139/151 kBProgress (2): 323/334 kB | 139/151 kBProgress (2): 323/334 kB | 151 kB    Progress (2): 334 kB | 151 kB                                 Downloaded from central: https://repo.maven.apache.org/maven2/com/thoughtworks/qdox/qdox/2.0.3/qdox-2.0.3.jar (334 kB at 3.5 MB/s)
Downloaded from central: https://repo.maven.apache.org/maven2/org/apache/maven/shared/maven-shared-utils/3.4.2/maven-shared-utils-3.4.2.jar (151 kB at 1.5 MB/s)
Downloading from central: https://repo.maven.apache.org/maven2/org/codehaus/plexus/plexus-compiler-javac/2.15.0/plexus-compiler-javac-2.15.0.jar
Downloading from central: https://repo.maven.apache.org/maven2/org/codehaus/plexus/plexus-utils/4.0.0/plexus-utils-4.0.0.jar
Progress (1): 7.7/29 kBProgress (1): 16/29 kB Progress (1): 29 kB                      Downloaded from central: https://repo.maven.apache.org/maven2/org/codehaus/plexus/plexus-compiler-api/2.15.0/plexus-compiler-api-2.15.0.jar (29 kB at 227 kB/s)
Progress (1): 7.7/26 kBProgress (1): 16/26 kB Progress (1): 26 kB                      Downloaded from central: https://repo.maven.apache.org/maven2/org/codehaus/plexus/plexus-compiler-javac/2.15.0/plexus-compiler-javac-2.15.0.jar (26 kB at 175 kB/s)
Progress (1): 5.2 kBProgress (2): 5.2 kB | 7.7/192 kBProgress (2): 5.2 kB | 16/192 kB Progress (2): 5.2 kB | 32/192 kBProgress (2): 5.2 kB | 49/192 kBProgress (2): 5.2 kB | 61/192 kB                                Downloaded from central: https://repo.maven.apache.org/maven2/org/codehaus/plexus/plexus-compiler-manager/2.15.0/plexus-compiler-manager-2.15.0.jar (5.2 kB at 34 kB/s)
Progress (1): 78/192 kBProgress (1): 94/192 kBProgress (2): 94/192 kB | 7.7/93 kBProgress (2): 111/192 kB | 7.7/93 kBProgress (2): 111/192 kB | 16/93 kB Progress (2): 127/192 kB | 16/93 kBProgress (2): 127/192 kB | 32/93 kBProgress (2): 143/192 kB | 32/93 kBProgress (2): 143/192 kB | 49/93 kBProgress (2): 160/192 kB | 49/93 kBProgress (2): 160/192 kB | 65/93 kBProgress (2): 176/192 kB | 65/93 kBProgress (2): 192 kB | 65/93 kB    Progress (2): 192 kB | 81/93 kB                               Downloaded from central: https://repo.maven.apache.org/maven2/org/codehaus/plexus/plexus-utils/4.0.0/plexus-utils-4.0.0.jar (192 kB at 1.2 MB/s)
Progress (1): 93 kB                   Downloaded from central: https://repo.maven.apache.org/maven2/org/codehaus/plexus/plexus-xml/3.0.0/plexus-xml-3.0.0.jar (93 kB at 571 kB/s)
[INFO] Recompiling the module because of changed source code.
[WARNING] File encoding has not been set, using platform encoding UTF-8, i.e. build is platform dependent!
[INFO] Compiling 1 source file with javac [debug target 17] to target/classes
[INFO] 
[INFO] --- resources:3.3.1:testResources (default-testResources) @ hello-world ---
[WARNING] Using platform encoding (UTF-8 actually) to copy filtered resources, i.e. build is platform dependent!
[INFO] skip non existing resourceDirectory /home/jenkins/workspace/multi_lesson26/lesson26/hello-world/src/test/resources
[INFO] 
[INFO] --- compiler:3.13.0:testCompile (default-testCompile) @ hello-world ---
[INFO] Recompiling the module because of changed dependency.
[WARNING] File encoding has not been set, using platform encoding UTF-8, i.e. build is platform dependent!
[INFO] Compiling 1 source file with javac [debug target 17] to target/test-classes
[INFO] 
[INFO] --- surefire:3.2.5:test (default-test) @ hello-world ---
Downloading from central: https://repo.maven.apache.org/maven2/org/apache/maven/surefire/maven-surefire-common/3.2.5/maven-surefire-common-3.2.5.pom
Progress (1): 833 BProgress (1): 3.3 kBProgress (1): 6.2 kBProgress (1): 6.2 kB                    Downloaded from central: https://repo.maven.apache.org/maven2/org/apache/maven/surefire/maven-surefire-common/3.2.5/maven-surefire-common-3.2.5.pom (6.2 kB at 95 kB/s)
Downloading from central: https://repo.maven.apache.org/maven2/org/apache/maven/surefire/surefire-api/3.2.5/surefire-api-3.2.5.pom
Progress (1): 842 BProgress (1): 2.7 kBProgress (1): 3.5 kB                    Downloaded from central: https://repo.maven.apache.org/maven2/org/apache/maven/surefire/surefire-api/3.2.5/surefire-api-3.2.5.pom (3.5 kB at 55 kB/s)
Downloading from central: https://repo.maven.apache.org/maven2/org/apache/maven/surefire/surefire-logger-api/3.2.5/surefire-logger-api-3.2.5.pom
Progress (1): 832 BProgress (1): 2.3 kBProgress (1): 3.3 kB                    Downloaded from central: https://repo.maven.apache.org/maven2/org/apache/maven/surefire/surefire-logger-api/3.2.5/surefire-logger-api-3.2.5.pom (3.3 kB at 60 kB/s)
Downloading from central: https://repo.maven.apache.org/maven2/org/apache/maven/surefire/surefire-shared-utils/3.2.5/surefire-shared-utils-3.2.5.pom
Progress (1): 1.1 kBProgress (1): 4.1 kB                    Downloaded from central: https://repo.maven.apache.org/maven2/org/apache/maven/surefire/surefire-shared-utils/3.2.5/surefire-shared-utils-3.2.5.pom (4.1 kB at 68 kB/s)
Downloading from central: https://repo.maven.apache.org/maven2/org/apache/maven/surefire/surefire-extensions-api/3.2.5/surefire-extensions-api-3.2.5.pom
Progress (1): 842 BProgress (1): 2.8 kBProgress (1): 3.3 kB                    Downloaded from central: https://repo.maven.apache.org/maven2/org/apache/maven/surefire/surefire-extensions-api/3.2.5/surefire-extensions-api-3.2.5.pom (3.3 kB at 53 kB/s)
Downloading from central: https://repo.maven.apache.org/maven2/org/apache/maven/surefire/surefire-booter/3.2.5/surefire-booter-3.2.5.pom
Progress (1): 834 BProgress (1): 3.0 kBProgress (1): 4.5 kB                    Downloaded from central: https://repo.maven.apache.org/maven2/org/apache/maven/surefire/surefire-booter/3.2.5/surefire-booter-3.2.5.pom (4.5 kB at 72 kB/s)
Downloading from central: https://repo.maven.apache.org/maven2/org/apache/maven/surefire/surefire-extensions-spi/3.2.5/surefire-extensions-spi-3.2.5.pom
Progress (1): 879 BProgress (1): 1.8 kB                    Downloaded from central: https://repo.maven.apache.org/maven2/org/apache/maven/surefire/surefire-extensions-spi/3.2.5/surefire-extensions-spi-3.2.5.pom (1.8 kB at 32 kB/s)
Downloading from central: https://repo.maven.apache.org/maven2/org/eclipse/aether/aether-util/1.0.0.v20140518/aether-util-1.0.0.v20140518.pom
Progress (1): 932 BProgress (1): 2.2 kB                    Downloaded from central: https://repo.maven.apache.org/maven2/org/eclipse/aether/aether-util/1.0.0.v20140518/aether-util-1.0.0.v20140518.pom (2.2 kB at 34 kB/s)
Downloading from central: https://repo.maven.apache.org/maven2/org/eclipse/aether/aether/1.0.0.v20140518/aether-1.0.0.v20140518.pom
Progress (1): 799 BProgress (1): 3.2 kBProgress (1): 5.1 kBProgress (1): 9.0 kBProgress (1): 12 kB Progress (1): 17 kBProgress (1): 20 kBProgress (1): 23 kBProgress (1): 28 kBProgress (1): 30 kB                   Downloaded from central: https://repo.maven.apache.org/maven2/org/eclipse/aether/aether/1.0.0.v20140518/aether-1.0.0.v20140518.pom (30 kB at 591 kB/s)
Downloading from central: https://repo.maven.apache.org/maven2/org/eclipse/aether/aether-api/1.0.0.v20140518/aether-api-1.0.0.v20140518.pom
Progress (1): 938 BProgress (1): 1.9 kB                    Downloaded from central: https://repo.maven.apache.org/maven2/org/eclipse/aether/aether-api/1.0.0.v20140518/aether-api-1.0.0.v20140518.pom (1.9 kB at 40 kB/s)
Downloading from central: https://repo.maven.apache.org/maven2/org/apache/maven/shared/maven-common-artifact-filters/3.1.1/maven-common-artifact-filters-3.1.1.pom
Progress (1): 798 BProgress (1): 2.3 kBProgress (1): 5.7 kBProgress (1): 5.8 kB                    Downloaded from central: https://repo.maven.apache.org/maven2/org/apache/maven/shared/maven-common-artifact-filters/3.1.1/maven-common-artifact-filters-3.1.1.pom (5.8 kB at 97 kB/s)
Downloading from central: https://repo.maven.apache.org/maven2/org/apache/maven/maven-artifact/3.2.5/maven-artifact-3.2.5.pom
Progress (1): 843 BProgress (1): 2.3 kB                    Downloaded from central: https://repo.maven.apache.org/maven2/org/apache/maven/maven-artifact/3.2.5/maven-artifact-3.2.5.pom (2.3 kB at 47 kB/s)
Downloading from central: https://repo.maven.apache.org/maven2/org/apache/maven/maven/3.2.5/maven-3.2.5.pom
Progress (1): 778 BProgress (1): 2.0 kBProgress (1): 3.5 kBProgress (1): 5.4 kBProgress (1): 11 kB Progress (1): 15 kBProgress (1): 18 kBProgress (1): 20 kBProgress (1): 22 kB                   Downloaded from central: https://repo.maven.apache.org/maven2/org/apache/maven/maven/3.2.5/maven-3.2.5.pom (22 kB at 386 kB/s)
Downloading from central: https://repo.maven.apache.org/maven2/org/apache/maven/maven-parent/25/maven-parent-25.pom
Progress (1): 729 BProgress (1): 2.0 kBProgress (1): 6.0 kBProgress (1): 10 kB Progress (1): 15 kBProgress (1): 18 kBProgress (1): 23 kBProgress (1): 24 kBProgress (1): 27 kBProgress (1): 30 kBProgress (1): 32 kBProgress (1): 37 kBProgress (1): 37 kB                   Downloaded from central: https://repo.maven.apache.org/maven2/org/apache/maven/maven-parent/25/maven-parent-25.pom (37 kB at 693 kB/s)
Downloading from central: https://repo.maven.apache.org/maven2/org/apache/apache/15/apache-15.pom
Progress (1): 749 BProgress (1): 2.1 kBProgress (1): 3.9 kBProgress (1): 7.8 kBProgress (1): 11 kB Progress (1): 14 kBProgress (1): 15 kB                   Downloaded from central: https://repo.maven.apache.org/maven2/org/apache/apache/15/apache-15.pom (15 kB at 299 kB/s)
Downloading from central: https://repo.maven.apache.org/maven2/org/apache/maven/maven-core/3.2.5/maven-core-3.2.5.pom
Progress (1): 790 BProgress (1): 2.1 kBProgress (1): 5.3 kBProgress (1): 8.1 kB                    Downloaded from central: https://repo.maven.apache.org/maven2/org/apache/maven/maven-core/3.2.5/maven-core-3.2.5.pom (8.1 kB at 137 kB/s)
Downloading from central: https://repo.maven.apache.org/maven2/org/apache/maven/maven-settings/3.2.5/maven-settings-3.2.5.pom
Progress (1): 823 BProgress (1): 2.2 kB                    Downloaded from central: https://repo.maven.apache.org/maven2/org/apache/maven/maven-settings/3.2.5/maven-settings-3.2.5.pom (2.2 kB at 46 kB/s)
Downloading from central: https://repo.maven.apache.org/maven2/org/apache/maven/maven-settings-builder/3.2.5/maven-settings-builder-3.2.5.pom
Progress (1): 823 BProgress (1): 2.6 kB                    Downloaded from central: https://repo.maven.apache.org/maven2/org/apache/maven/maven-settings-builder/3.2.5/maven-settings-builder-3.2.5.pom (2.6 kB at 49 kB/s)
Downloading from central: https://repo.maven.apache.org/maven2/org/codehaus/plexus/plexus-interpolation/1.21/plexus-interpolation-1.21.pom
Progress (1): 1.3 kBProgress (1): 1.5 kB                    Downloaded from central: https://repo.maven.apache.org/maven2/org/codehaus/plexus/plexus-interpolation/1.21/plexus-interpolation-1.21.pom (1.5 kB at 31 kB/s)
Downloading from central: https://repo.maven.apache.org/maven2/org/codehaus/plexus/plexus-components/1.3.1/plexus-components-1.3.1.pom
Progress (1): 1.3 kBProgress (1): 3.1 kB                    Downloaded from central: https://repo.maven.apache.org/maven2/org/codehaus/plexus/plexus-components/1.3.1/plexus-components-1.3.1.pom (3.1 kB at 63 kB/s)
Downloading from central: https://repo.maven.apache.org/maven2/org/codehaus/plexus/plexus/3.3.1/plexus-3.3.1.pom
Progress (1): 703 BProgress (1): 2.5 kBProgress (1): 6.0 kBProgress (1): 8.6 kBProgress (1): 11 kB Progress (1): 16 kBProgress (1): 20 kBProgress (1): 20 kB                   Downloaded from central: https://repo.maven.apache.org/maven2/org/codehaus/plexus/plexus/3.3.1/plexus-3.3.1.pom (20 kB at 401 kB/s)
Downloading from central: https://repo.maven.apache.org/maven2/org/sonatype/spice/spice-parent/17/spice-parent-17.pom
Progress (1): 1.2 kBProgress (1): 3.4 kBProgress (1): 6.7 kBProgress (1): 6.8 kB                    Downloaded from central: https://repo.maven.apache.org/maven2/org/sonatype/spice/spice-parent/17/spice-parent-17.pom (6.8 kB at 130 kB/s)
Downloading from central: https://repo.maven.apache.org/maven2/org/sonatype/forge/forge-parent/10/forge-parent-10.pom
Progress (1): 730 BProgress (1): 2.5 kBProgress (1): 8.6 kBProgress (1): 12 kB Progress (1): 14 kB                   Downloaded from central: https://repo.maven.apache.org/maven2/org/sonatype/forge/forge-parent/10/forge-parent-10.pom (14 kB at 242 kB/s)
Downloading from central: https://repo.maven.apache.org/maven2/org/codehaus/plexus/plexus-component-annotations/1.5.5/plexus-component-annotations-1.5.5.pom
Progress (1): 815 B                   Downloaded from central: https://repo.maven.apache.org/maven2/org/codehaus/plexus/plexus-component-annotations/1.5.5/plexus-component-annotations-1.5.5.pom (815 B at 19 kB/s)
Downloading from central: https://repo.maven.apache.org/maven2/org/codehaus/plexus/plexus-containers/1.5.5/plexus-containers-1.5.5.pom
Progress (1): 1.3 kBProgress (1): 4.2 kB                    Downloaded from central: https://repo.maven.apache.org/maven2/org/codehaus/plexus/plexus-containers/1.5.5/plexus-containers-1.5.5.pom (4.2 kB at 88 kB/s)
Downloading from central: https://repo.maven.apache.org/maven2/org/codehaus/plexus/plexus/2.0.7/plexus-2.0.7.pom
Progress (1): 711 BProgress (1): 2.7 kBProgress (1): 6.3 kBProgress (1): 9.1 kBProgress (1): 13 kB Progress (1): 17 kBProgress (1): 17 kB                   Downloaded from central: https://repo.maven.apache.org/maven2/org/codehaus/plexus/plexus/2.0.7/plexus-2.0.7.pom (17 kB at 333 kB/s)
Downloading from central: https://repo.maven.apache.org/maven2/org/sonatype/plexus/plexus-sec-dispatcher/1.3/plexus-sec-dispatcher-1.3.pom
Progress (1): 1.3 kBProgress (1): 3.0 kB                    Downloaded from central: https://repo.maven.apache.org/maven2/org/sonatype/plexus/plexus-sec-dispatcher/1.3/plexus-sec-dispatcher-1.3.pom (3.0 kB at 53 kB/s)
Downloading from central: https://repo.maven.apache.org/maven2/org/sonatype/spice/spice-parent/12/spice-parent-12.pom
Progress (1): 1.2 kBProgress (1): 4.2 kBProgress (1): 6.8 kB                    Downloaded from central: https://repo.maven.apache.org/maven2/org/sonatype/spice/spice-parent/12/spice-parent-12.pom (6.8 kB at 121 kB/s)
Downloading from central: https://repo.maven.apache.org/maven2/org/sonatype/forge/forge-parent/4/forge-parent-4.pom
Progress (1): 1.4 kBProgress (1): 5.7 kBProgress (1): 8.4 kB                    Downloaded from central: https://repo.maven.apache.org/maven2/org/sonatype/forge/forge-parent/4/forge-parent-4.pom (8.4 kB at 140 kB/s)
Downloading from central: https://repo.maven.apache.org/maven2/org/sonatype/plexus/plexus-cipher/1.4/plexus-cipher-1.4.pom
Progress (1): 1.4 kBProgress (1): 2.1 kB                    Downloaded from central: https://repo.maven.apache.org/maven2/org/sonatype/plexus/plexus-cipher/1.4/plexus-cipher-1.4.pom (2.1 kB at 37 kB/s)
Downloading from central: https://repo.maven.apache.org/maven2/org/apache/maven/maven-repository-metadata/3.2.5/maven-repository-metadata-3.2.5.pom
Progress (1): 822 BProgress (1): 2.2 kB                    Downloaded from central: https://repo.maven.apache.org/maven2/org/apache/maven/maven-repository-metadata/3.2.5/maven-repository-metadata-3.2.5.pom (2.2 kB at 38 kB/s)
Downloading from central: https://repo.maven.apache.org/maven2/org/apache/maven/maven-plugin-api/3.2.5/maven-plugin-api-3.2.5.pom
Progress (1): 816 BProgress (1): 2.5 kBProgress (1): 3.0 kB                    Downloaded from central: https://repo.maven.apache.org/maven2/org/apache/maven/maven-plugin-api/3.2.5/maven-plugin-api-3.2.5.pom (3.0 kB at 55 kB/s)
Downloading from central: https://repo.maven.apache.org/maven2/org/eclipse/sisu/org.eclipse.sisu.plexus/0.9.0.M2/org.eclipse.sisu.plexus-0.9.0.M2.pom
Progress (1): 827 BProgress (1): 3.5 kBProgress (1): 8.7 kBProgress (1): 15 kB Progress (1): 15 kB                   Downloaded from central: https://repo.maven.apache.org/maven2/org/eclipse/sisu/org.eclipse.sisu.plexus/0.9.0.M2/org.eclipse.sisu.plexus-0.9.0.M2.pom (15 kB at 267 kB/s)
Downloading from central: https://repo.maven.apache.org/maven2/org/eclipse/sisu/sisu-plexus/0.9.0.M2/sisu-plexus-0.9.0.M2.pom
Progress (1): 801 BProgress (1): 2.8 kBProgress (1): 4.9 kBProgress (1): 8.5 kBProgress (1): 12 kB Progress (1): 15 kB                   Downloaded from central: https://repo.maven.apache.org/maven2/org/eclipse/sisu/sisu-plexus/0.9.0.M2/sisu-plexus-0.9.0.M2.pom (15 kB at 238 kB/s)
Downloading from central: https://repo.maven.apache.org/maven2/javax/annotation/javax.annotation-api/1.2/javax.annotation-api-1.2.pom
Progress (1): 702 BProgress (1): 2.0 kBProgress (1): 3.4 kBProgress (1): 5.5 kBProgress (1): 8.7 kBProgress (1): 12 kB Progress (1): 13 kB                   Downloaded from central: https://repo.maven.apache.org/maven2/javax/annotation/javax.annotation-api/1.2/javax.annotation-api-1.2.pom (13 kB at 198 kB/s)
Downloading from central: https://repo.maven.apache.org/maven2/net/java/jvnet-parent/3/jvnet-parent-3.pom
Progress (1): 838 BProgress (1): 2.5 kBProgress (1): 4.8 kB                    Downloaded from central: https://repo.maven.apache.org/maven2/net/java/jvnet-parent/3/jvnet-parent-3.pom (4.8 kB at 89 kB/s)
Downloading from central: https://repo.maven.apache.org/maven2/javax/enterprise/cdi-api/1.2/cdi-api-1.2.pom
Progress (1): 1.0 kBProgress (1): 3.3 kBProgress (1): 5.8 kBProgress (1): 6.3 kB                    Downloaded from central: https://repo.maven.apache.org/maven2/javax/enterprise/cdi-api/1.2/cdi-api-1.2.pom (6.3 kB at 121 kB/s)
Downloading from central: https://repo.maven.apache.org/maven2/org/jboss/weld/weld-parent/26/weld-parent-26.pom
Progress (1): 1.0 kBProgress (1): 2.8 kBProgress (1): 6.3 kBProgress (1): 11 kB Progress (1): 16 kBProgress (1): 19 kBProgress (1): 22 kBProgress (1): 26 kBProgress (1): 31 kBProgress (1): 32 kB                   Downloaded from central: https://repo.maven.apache.org/maven2/org/jboss/weld/weld-parent/26/weld-parent-26.pom (32 kB at 521 kB/s)
Downloading from central: https://repo.maven.apache.org/maven2/org/eclipse/sisu/org.eclipse.sisu.inject/0.9.0.M2/org.eclipse.sisu.inject-0.9.0.M2.pom
Progress (1): 803 BProgress (1): 4.0 kBProgress (1): 10 kB Progress (1): 16 kBProgress (1): 17 kB                   Downloaded from central: https://repo.maven.apache.org/maven2/org/eclipse/sisu/org.eclipse.sisu.inject/0.9.0.M2/org.eclipse.sisu.inject-0.9.0.M2.pom (17 kB at 315 kB/s)
Downloading from central: https://repo.maven.apache.org/maven2/org/eclipse/sisu/sisu-inject/0.9.0.M2/sisu-inject-0.9.0.M2.pom
Progress (1): 801 BProgress (1): 2.8 kBProgress (1): 4.8 kBProgress (1): 8.5 kBProgress (1): 12 kB Progress (1): 15 kB                   Downloaded from central: https://repo.maven.apache.org/maven2/org/eclipse/sisu/sisu-inject/0.9.0.M2/sisu-inject-0.9.0.M2.pom (15 kB at 255 kB/s)
Downloading from central: https://repo.maven.apache.org/maven2/org/codehaus/plexus/plexus-component-annotations/2.1.0/plexus-component-annotations-2.1.0.pom
Progress (1): 750 B                   Downloaded from central: https://repo.maven.apache.org/maven2/org/codehaus/plexus/plexus-component-annotations/2.1.0/plexus-component-annotations-2.1.0.pom (750 B at 13 kB/s)
Downloading from central: https://repo.maven.apache.org/maven2/org/codehaus/plexus/plexus-containers/2.1.0/plexus-containers-2.1.0.pom
Progress (1): 1.3 kBProgress (1): 4.7 kBProgress (1): 4.8 kB                    Downloaded from central: https://repo.maven.apache.org/maven2/org/codehaus/plexus/plexus-containers/2.1.0/plexus-containers-2.1.0.pom (4.8 kB at 112 kB/s)
Downloading from central: https://repo.maven.apache.org/maven2/org/codehaus/plexus/plexus-classworlds/2.6.0/plexus-classworlds-2.6.0.pom
Progress (1): 932 BProgress (1): 2.6 kBProgress (1): 5.5 kBProgress (1): 7.9 kB                    Downloaded from central: https://repo.maven.apache.org/maven2/org/codehaus/plexus/plexus-classworlds/2.6.0/plexus-classworlds-2.6.0.pom (7.9 kB at 139 kB/s)
Downloading from central: https://repo.maven.apache.org/maven2/org/apache/maven/maven-model-builder/3.2.5/maven-model-builder-3.2.5.pom
Progress (1): 836 BProgress (1): 2.7 kBProgress (1): 3.0 kB                    Downloaded from central: https://repo.maven.apache.org/maven2/org/apache/maven/maven-model-builder/3.2.5/maven-model-builder-3.2.5.pom (3.0 kB at 59 kB/s)
Downloading from central: https://repo.maven.apache.org/maven2/org/apache/maven/maven-aether-provider/3.2.5/maven-aether-provider-3.2.5.pom
Progress (1): 811 BProgress (1): 3.0 kBProgress (1): 4.2 kB                    Downloaded from central: https://repo.maven.apache.org/maven2/org/apache/maven/maven-aether-provider/3.2.5/maven-aether-provider-3.2.5.pom (4.2 kB at 82 kB/s)
Downloading from central: https://repo.maven.apache.org/maven2/org/eclipse/aether/aether-spi/1.0.0.v20140518/aether-spi-1.0.0.v20140518.pom
Progress (1): 934 BProgress (1): 2.1 kB                    Downloaded from central: https://repo.maven.apache.org/maven2/org/eclipse/aether/aether-spi/1.0.0.v20140518/aether-spi-1.0.0.v20140518.pom (2.1 kB at 40 kB/s)
Downloading from central: https://repo.maven.apache.org/maven2/org/eclipse/aether/aether-impl/1.0.0.v20140518/aether-impl-1.0.0.v20140518.pom
Progress (1): 922 BProgress (1): 3.5 kB                    Downloaded from central: https://repo.maven.apache.org/maven2/org/eclipse/aether/aether-impl/1.0.0.v20140518/aether-impl-1.0.0.v20140518.pom (3.5 kB at 63 kB/s)
Downloading from central: https://repo.maven.apache.org/maven2/org/sonatype/sisu/sisu-guice/3.2.3/sisu-guice-3.2.3.pom
Progress (1): 1.3 kBProgress (1): 3.8 kBProgress (1): 5.9 kBProgress (1): 9.5 kBProgress (1): 11 kB                    Downloaded from central: https://repo.maven.apache.org/maven2/org/sonatype/sisu/sisu-guice/3.2.3/sisu-guice-3.2.3.pom (11 kB at 176 kB/s)
Downloading from central: https://repo.maven.apache.org/maven2/org/sonatype/sisu/inject/guice-parent/3.2.3/guice-parent-3.2.3.pom
Progress (1): 798 BProgress (1): 2.7 kBProgress (1): 5.1 kBProgress (1): 7.6 kBProgress (1): 10 kB Progress (1): 13 kBProgress (1): 13 kB                   Downloaded from central: https://repo.maven.apache.org/maven2/org/sonatype/sisu/inject/guice-parent/3.2.3/guice-parent-3.2.3.pom (13 kB at 201 kB/s)
Downloading from central: https://repo.maven.apache.org/maven2/org/sonatype/forge/forge-parent/38/forge-parent-38.pom
Progress (1): 800 BProgress (1): 2.5 kBProgress (1): 5.0 kBProgress (1): 8.7 kBProgress (1): 12 kB Progress (1): 16 kBProgress (1): 19 kB                   Downloaded from central: https://repo.maven.apache.org/maven2/org/sonatype/forge/forge-parent/38/forge-parent-38.pom (19 kB at 341 kB/s)
Downloading from central: https://repo.maven.apache.org/maven2/aopalliance/aopalliance/1.0/aopalliance-1.0.pom
Progress (1): 363 B                   Downloaded from central: https://repo.maven.apache.org/maven2/aopalliance/aopalliance/1.0/aopalliance-1.0.pom (363 B at 6.7 kB/s)
Downloading from central: https://repo.maven.apache.org/maven2/com/google/guava/guava/16.0.1/guava-16.0.1.pom
Progress (1): 955 BProgress (1): 2.8 kBProgress (1): 5.2 kBProgress (1): 6.1 kB                    Downloaded from central: https://repo.maven.apache.org/maven2/com/google/guava/guava/16.0.1/guava-16.0.1.pom (6.1 kB at 117 kB/s)
Downloading from central: https://repo.maven.apache.org/maven2/com/google/guava/guava-parent/16.0.1/guava-parent-16.0.1.pom
Progress (1): 1.1 kBProgress (1): 2.9 kBProgress (1): 6.3 kBProgress (1): 7.3 kB                    Downloaded from central: https://repo.maven.apache.org/maven2/com/google/guava/guava-parent/16.0.1/guava-parent-16.0.1.pom (7.3 kB at 150 kB/s)
Downloading from central: https://repo.maven.apache.org/maven2/org/sonatype/oss/oss-parent/7/oss-parent-7.pom
Progress (1): 847 BProgress (1): 2.5 kBProgress (1): 4.8 kB                    Downloaded from central: https://repo.maven.apache.org/maven2/org/sonatype/oss/oss-parent/7/oss-parent-7.pom (4.8 kB at 105 kB/s)
Downloading from central: https://repo.maven.apache.org/maven2/org/codehaus/plexus/plexus-classworlds/2.5.2/plexus-classworlds-2.5.2.pom
Progress (1): 930 BProgress (1): 3.0 kBProgress (1): 6.0 kBProgress (1): 7.3 kB                    Downloaded from central: https://repo.maven.apache.org/maven2/org/codehaus/plexus/plexus-classworlds/2.5.2/plexus-classworlds-2.5.2.pom (7.3 kB at 143 kB/s)
Downloading from central: https://repo.maven.apache.org/maven2/commons-io/commons-io/2.15.1/commons-io-2.15.1.pom
Progress (1): 765 BProgress (1): 2.1 kBProgress (1): 5.1 kBProgress (1): 7.5 kBProgress (1): 10 kB Progress (1): 12 kBProgress (1): 15 kBProgress (1): 18 kBProgress (1): 20 kB                   Downloaded from central: https://repo.maven.apache.org/maven2/commons-io/commons-io/2.15.1/commons-io-2.15.1.pom (20 kB at 377 kB/s)
Downloading from central: https://repo.maven.apache.org/maven2/org/apache/commons/commons-parent/65/commons-parent-65.pom
Progress (1): 703 BProgress (1): 1.9 kBProgress (1): 3.1 kBProgress (1): 4.6 kBProgress (1): 6.4 kBProgress (1): 8.4 kBProgress (1): 10 kB Progress (1): 13 kBProgress (1): 15 kBProgress (1): 18 kBProgress (1): 19 kBProgress (1): 23 kBProgress (1): 25 kBProgress (1): 28 kBProgress (1): 32 kBProgress (1): 32 kBProgress (1): 35 kBProgress (1): 41 kBProgress (1): 43 kBProgress (1): 46 kBProgress (1): 49 kBProgress (1): 51 kBProgress (1): 54 kBProgress (1): 58 kBProgress (1): 60 kBProgress (1): 64 kBProgress (1): 67 kBProgress (1): 71 kBProgress (1): 73 kBProgress (1): 76 kBProgress (1): 78 kB                   Downloaded from central: https://repo.maven.apache.org/maven2/org/apache/commons/commons-parent/65/commons-parent-65.pom (78 kB at 1.4 MB/s)
Downloading from central: https://repo.maven.apache.org/maven2/org/junit/junit-bom/5.10.1/junit-bom-5.10.1.pom
Progress (1): 908 BProgress (1): 4.1 kBProgress (1): 5.6 kB                    Downloaded from central: https://repo.maven.apache.org/maven2/org/junit/junit-bom/5.10.1/junit-bom-5.10.1.pom (5.6 kB at 99 kB/s)
Downloading from central: https://repo.maven.apache.org/maven2/org/apache/maven/surefire/maven-surefire-common/3.2.5/maven-surefire-common-3.2.5.jar
Downloading from central: https://repo.maven.apache.org/maven2/org/apache/maven/surefire/surefire-api/3.2.5/surefire-api-3.2.5.jar
Downloading from central: https://repo.maven.apache.org/maven2/org/apache/maven/surefire/surefire-logger-api/3.2.5/surefire-logger-api-3.2.5.jar
Downloading from central: https://repo.maven.apache.org/maven2/org/apache/maven/surefire/surefire-extensions-api/3.2.5/surefire-extensions-api-3.2.5.jar
Downloading from central: https://repo.maven.apache.org/maven2/org/apache/maven/surefire/surefire-booter/3.2.5/surefire-booter-3.2.5.jar
Progress (1): 7.7/308 kBProgress (1): 16/308 kB Progress (1): 32/308 kBProgress (1): 49/308 kBProgress (1): 57/308 kBProgress (1): 73/308 kBProgress (1): 90/308 kBProgress (1): 106/308 kBProgress (1): 122/308 kBProgress (1): 139/308 kBProgress (1): 155/308 kBProgress (1): 172/308 kBProgress (1): 188/308 kBProgress (1): 204/308 kBProgress (1): 221/308 kBProgress (1): 233/308 kBProgress (2): 233/308 kB | 7.7/171 kBProgress (2): 233/308 kB | 16/171 kB Progress (2): 250/308 kB | 16/171 kBProgress (2): 266/308 kB | 16/171 kBProgress (2): 266/308 kB | 32/171 kBProgress (2): 282/308 kB | 32/171 kBProgress (2): 282/308 kB | 49/171 kBProgress (2): 299/308 kB | 49/171 kBProgress (2): 308 kB | 49/171 kB    Progress (2): 308 kB | 65/171 kBProgress (2): 308 kB | 81/171 kBProgress (2): 308 kB | 98/171 kBProgress (3): 308 kB | 98/171 kB | 7.7/26 kBProgress (3): 308 kB | 98/171 kB | 16/26 kB                                            Downloaded from central: https://repo.maven.apache.org/maven2/org/apache/maven/surefire/maven-surefire-common/3.2.5/maven-surefire-common-3.2.5.jar (308 kB at 5.2 MB/s)
Progress (2): 114/171 kB | 16/26 kB                                   Downloading from central: https://repo.maven.apache.org/maven2/org/apache/maven/surefire/surefire-extensions-spi/3.2.5/surefire-extensions-spi-3.2.5.jar
Progress (2): 131/171 kB | 16/26 kBProgress (2): 131/171 kB | 26 kB   Progress (2): 147/171 kB | 26 kBProgress (2): 163/171 kB | 26 kBProgress (2): 171 kB | 26 kB                                Downloaded from central: https://repo.maven.apache.org/maven2/org/apache/maven/surefire/surefire-extensions-api/3.2.5/surefire-extensions-api-3.2.5.jar (26 kB at 446 kB/s)
Downloading from central: https://repo.maven.apache.org/maven2/org/eclipse/aether/aether-util/1.0.0.v20140518/aether-util-1.0.0.v20140518.jar
Downloaded from central: https://repo.maven.apache.org/maven2/org/apache/maven/surefire/surefire-api/3.2.5/surefire-api-3.2.5.jar (171 kB at 2.8 MB/s)
Downloading from central: https://repo.maven.apache.org/maven2/org/eclipse/aether/aether-api/1.0.0.v20140518/aether-api-1.0.0.v20140518.jar
Progress (1): 7.7/118 kBProgress (2): 7.7/118 kB | 7.7/14 kBProgress (2): 7.7/118 kB | 14 kB    Progress (2): 16/118 kB | 14 kB                                Downloaded from central: https://repo.maven.apache.org/maven2/org/apache/maven/surefire/surefire-logger-api/3.2.5/surefire-logger-api-3.2.5.jar (14 kB at 212 kB/s)
Downloading from central: https://repo.maven.apache.org/maven2/org/apache/maven/shared/maven-common-artifact-filters/3.1.1/maven-common-artifact-filters-3.1.1.jar
Progress (1): 32/118 kBProgress (1): 49/118 kBProgress (1): 65/118 kBProgress (1): 81/118 kBProgress (1): 98/118 kBProgress (1): 114/118 kBProgress (1): 118 kB                        Downloaded from central: https://repo.maven.apache.org/maven2/org/apache/maven/surefire/surefire-booter/3.2.5/surefire-booter-3.2.5.jar (118 kB at 1.7 MB/s)
Downloading from central: https://repo.maven.apache.org/maven2/commons-io/commons-io/2.15.1/commons-io-2.15.1.jar
Progress (1): 7.7/8.2 kBProgress (1): 8.2 kB                        Downloaded from central: https://repo.maven.apache.org/maven2/org/apache/maven/surefire/surefire-extensions-spi/3.2.5/surefire-extensions-spi-3.2.5.jar (8.2 kB at 72 kB/s)
Downloading from central: https://repo.maven.apache.org/maven2/org/apache/maven/surefire/surefire-shared-utils/3.2.5/surefire-shared-utils-3.2.5.jar
Progress (1): 7.7/136 kBProgress (1): 12/136 kB Progress (1): 29/136 kBProgress (1): 45/136 kBProgress (1): 61/136 kBProgress (1): 78/136 kBProgress (1): 94/136 kBProgress (1): 111/136 kBProgress (1): 127/136 kBProgress (1): 136 kB                        Downloaded from central: https://repo.maven.apache.org/maven2/org/eclipse/aether/aether-api/1.0.0.v20140518/aether-api-1.0.0.v20140518.jar (136 kB at 1.1 MB/s)
Progress (1): 7.7/501 kBProgress (2): 7.7/501 kB | 7.7/146 kBProgress (2): 16/501 kB | 7.7/146 kB Progress (2): 16/501 kB | 16/146 kB Progress (2): 16/501 kB | 24/146 kBProgress (2): 32/501 kB | 24/146 kBProgress (2): 32/501 kB | 41/146 kBProgress (2): 49/501 kB | 41/146 kBProgress (2): 49/501 kB | 57/146 kBProgress (2): 65/501 kB | 57/146 kBProgress (2): 81/501 kB | 57/146 kBProgress (2): 81/501 kB | 73/146 kBProgress (2): 98/501 kB | 73/146 kBProgress (2): 98/501 kB | 90/146 kBProgress (2): 98/501 kB | 106/146 kBProgress (2): 114/501 kB | 106/146 kBProgress (2): 114/501 kB | 122/146 kBProgress (2): 131/501 kB | 122/146 kBProgress (2): 131/501 kB | 139/146 kBProgress (3): 131/501 kB | 139/146 kB | 7.7/61 kBProgress (3): 131/501 kB | 139/146 kB | 16/61 kB Progress (3): 131/501 kB | 146 kB | 16/61 kB    Progress (3): 131/501 kB | 146 kB | 32/61 kBProgress (3): 147/501 kB | 146 kB | 32/61 kBProgress (3): 147/501 kB | 146 kB | 49/61 kBProgress (3): 163/501 kB | 146 kB | 49/61 kB                                            Downloaded from central: https://repo.maven.apache.org/maven2/org/eclipse/aether/aether-util/1.0.0.v20140518/aether-util-1.0.0.v20140518.jar (146 kB at 1.1 MB/s)
Progress (2): 163/501 kB | 61 kBProgress (2): 180/501 kB | 61 kBProgress (2): 196/501 kB | 61 kB                                Downloaded from central: https://repo.maven.apache.org/maven2/org/apache/maven/shared/maven-common-artifact-filters/3.1.1/maven-common-artifact-filters-3.1.1.jar (61 kB at 447 kB/s)
Progress (1): 213/501 kBProgress (1): 229/501 kBProgress (1): 245/501 kBProgress (1): 262/501 kBProgress (1): 278/501 kBProgress (1): 294/501 kBProgress (1): 311/501 kBProgress (1): 327/501 kBProgress (1): 344/501 kBProgress (1): 360/501 kBProgress (1): 376/501 kBProgress (1): 393/501 kBProgress (1): 409/501 kBProgress (1): 426/501 kBProgress (1): 442/501 kBProgress (1): 458/501 kBProgress (1): 475/501 kBProgress (1): 491/501 kBProgress (1): 501 kB                        Downloaded from central: https://repo.maven.apache.org/maven2/commons-io/commons-io/2.15.1/commons-io-2.15.1.jar (501 kB at 3.4 MB/s)
Progress (1): 0/2.4 MBProgress (1): 0/2.4 MBProgress (1): 0/2.4 MBProgress (1): 0/2.4 MBProgress (1): 0.1/2.4 MBProgress (1): 0.1/2.4 MBProgress (1): 0.1/2.4 MBProgress (1): 0.1/2.4 MBProgress (1): 0.1/2.4 MBProgress (1): 0.1/2.4 MBProgress (1): 0.2/2.4 MBProgress (1): 0.2/2.4 MBProgress (1): 0.2/2.4 MBProgress (1): 0.2/2.4 MBProgress (1): 0.2/2.4 MBProgress (1): 0.2/2.4 MBProgress (1): 0.3/2.4 MBProgress (1): 0.3/2.4 MBProgress (1): 0.3/2.4 MBProgress (1): 0.3/2.4 MBProgress (1): 0.3/2.4 MBProgress (1): 0.3/2.4 MBProgress (1): 0.3/2.4 MBProgress (1): 0.4/2.4 MBProgress (1): 0.4/2.4 MBProgress (1): 0.4/2.4 MBProgress (1): 0.4/2.4 MBProgress (1): 0.4/2.4 MBProgress (1): 0.4/2.4 MBProgress (1): 0.5/2.4 MBProgress (1): 0.5/2.4 MBProgress (1): 0.5/2.4 MBProgress (1): 0.5/2.4 MBProgress (1): 0.5/2.4 MBProgress (1): 0.5/2.4 MBProgress (1): 0.6/2.4 MBProgress (1): 0.6/2.4 MBProgress (1): 0.6/2.4 MBProgress (1): 0.6/2.4 MBProgress (1): 0.6/2.4 MBProgress (1): 0.6/2.4 MBProgress (1): 0.7/2.4 MBProgress (1): 0.7/2.4 MBProgress (1): 0.7/2.4 MBProgress (1): 0.7/2.4 MBProgress (1): 0.7/2.4 MBProgress (1): 0.7/2.4 MBProgress (1): 0.7/2.4 MBProgress (1): 0.8/2.4 MBProgress (1): 0.8/2.4 MBProgress (1): 0.8/2.4 MBProgress (1): 0.8/2.4 MBProgress (1): 0.8/2.4 MBProgress (1): 0.8/2.4 MBProgress (1): 0.9/2.4 MBProgress (1): 0.9/2.4 MBProgress (1): 0.9/2.4 MBProgress (1): 0.9/2.4 MBProgress (1): 0.9/2.4 MBProgress (1): 0.9/2.4 MBProgress (1): 1.0/2.4 MBProgress (1): 1.0/2.4 MBProgress (1): 1.0/2.4 MBProgress (1): 1.0/2.4 MBProgress (1): 1.0/2.4 MBProgress (1): 1.0/2.4 MBProgress (1): 1.0/2.4 MBProgress (1): 1.1/2.4 MBProgress (1): 1.1/2.4 MBProgress (1): 1.1/2.4 MBProgress (1): 1.1/2.4 MBProgress (1): 1.1/2.4 MBProgress (1): 1.1/2.4 MBProgress (1): 1.2/2.4 MBProgress (1): 1.2/2.4 MBProgress (1): 1.2/2.4 MBProgress (1): 1.2/2.4 MBProgress (1): 1.2/2.4 MBProgress (1): 1.2/2.4 MBProgress (1): 1.3/2.4 MBProgress (1): 1.3/2.4 MBProgress (1): 1.3/2.4 MBProgress (1): 1.3/2.4 MBProgress (1): 1.3/2.4 MBProgress (1): 1.3/2.4 MBProgress (1): 1.4/2.4 MBProgress (1): 1.4/2.4 MBProgress (1): 1.4/2.4 MBProgress (1): 1.4/2.4 MBProgress (1): 1.4/2.4 MBProgress (1): 1.4/2.4 MBProgress (1): 1.5/2.4 MBProgress (1): 1.5/2.4 MBProgress (1): 1.5/2.4 MBProgress (1): 1.5/2.4 MBProgress (1): 1.5/2.4 MBProgress (1): 1.5/2.4 MBProgress (1): 1.6/2.4 MBProgress (1): 1.6/2.4 MBProgress (1): 1.6/2.4 MBProgress (1): 1.6/2.4 MBProgress (1): 1.6/2.4 MBProgress (1): 1.6/2.4 MBProgress (1): 1.7/2.4 MBProgress (1): 1.7/2.4 MBProgress (1): 1.7/2.4 MBProgress (1): 1.7/2.4 MBProgress (1): 1.7/2.4 MBProgress (1): 1.7/2.4 MBProgress (1): 1.7/2.4 MBProgress (1): 1.8/2.4 MBProgress (1): 1.8/2.4 MBProgress (1): 1.8/2.4 MBProgress (1): 1.8/2.4 MBProgress (1): 1.8/2.4 MBProgress (1): 1.8/2.4 MBProgress (1): 1.9/2.4 MBProgress (1): 1.9/2.4 MBProgress (1): 1.9/2.4 MBProgress (1): 1.9/2.4 MBProgress (1): 1.9/2.4 MBProgress (1): 1.9/2.4 MBProgress (1): 2.0/2.4 MBProgress (1): 2.0/2.4 MBProgress (1): 2.0/2.4 MBProgress (1): 2.0/2.4 MBProgress (1): 2.0/2.4 MBProgress (1): 2.0/2.4 MBProgress (1): 2.1/2.4 MBProgress (1): 2.1/2.4 MBProgress (1): 2.1/2.4 MBProgress (1): 2.1/2.4 MBProgress (1): 2.1/2.4 MBProgress (1): 2.1/2.4 MBProgress (1): 2.1/2.4 MBProgress (1): 2.2/2.4 MBProgress (1): 2.2/2.4 MBProgress (1): 2.2/2.4 MBProgress (1): 2.2/2.4 MBProgress (1): 2.2/2.4 MBProgress (1): 2.2/2.4 MBProgress (1): 2.3/2.4 MBProgress (1): 2.3/2.4 MBProgress (1): 2.3/2.4 MBProgress (1): 2.3/2.4 MBProgress (1): 2.3/2.4 MBProgress (1): 2.3/2.4 MBProgress (1): 2.3/2.4 MBProgress (1): 2.4/2.4 MBProgress (1): 2.4/2.4 MBProgress (1): 2.4/2.4 MBProgress (1): 2.4/2.4 MBProgress (1): 2.4/2.4 MBProgress (1): 2.4 MB                        Downloaded from central: https://repo.maven.apache.org/maven2/org/apache/maven/surefire/surefire-shared-utils/3.2.5/surefire-shared-utils-3.2.5.jar (2.4 MB at 9.0 MB/s)
[INFO] Using auto detected provider org.apache.maven.surefire.junitplatform.JUnitPlatformProvider
Downloading from central: https://repo.maven.apache.org/maven2/org/apache/maven/surefire/surefire-junit-platform/3.2.5/surefire-junit-platform-3.2.5.pom
Progress (1): 843 BProgress (1): 3.5 kBProgress (1): 4.7 kB                    Downloaded from central: https://repo.maven.apache.org/maven2/org/apache/maven/surefire/surefire-junit-platform/3.2.5/surefire-junit-platform-3.2.5.pom (4.7 kB at 85 kB/s)
Downloading from central: https://repo.maven.apache.org/maven2/org/apache/maven/surefire/surefire-providers/3.2.5/surefire-providers-3.2.5.pom
Progress (1): 849 BProgress (1): 2.6 kB                    Downloaded from central: https://repo.maven.apache.org/maven2/org/apache/maven/surefire/surefire-providers/3.2.5/surefire-providers-3.2.5.pom (2.6 kB at 44 kB/s)
Downloading from central: https://repo.maven.apache.org/maven2/org/apache/maven/surefire/common-java5/3.2.5/common-java5-3.2.5.pom
Progress (1): 849 BProgress (1): 2.6 kBProgress (1): 2.8 kB                    Downloaded from central: https://repo.maven.apache.org/maven2/org/apache/maven/surefire/common-java5/3.2.5/common-java5-3.2.5.pom (2.8 kB at 45 kB/s)
Downloading from central: https://repo.maven.apache.org/maven2/org/junit/platform/junit-platform-launcher/1.9.3/junit-platform-launcher-1.9.3.pom
Progress (1): 967 BProgress (1): 3.0 kB                    Downloaded from central: https://repo.maven.apache.org/maven2/org/junit/platform/junit-platform-launcher/1.9.3/junit-platform-launcher-1.9.3.pom (3.0 kB at 33 kB/s)
Downloading from central: https://repo.maven.apache.org/maven2/org/junit/platform/junit-platform-engine/1.9.3/junit-platform-engine-1.9.3.pom
Progress (1): 957 BProgress (1): 3.2 kB                    Downloaded from central: https://repo.maven.apache.org/maven2/org/junit/platform/junit-platform-engine/1.9.3/junit-platform-engine-1.9.3.pom (3.2 kB at 50 kB/s)
Downloading from central: https://repo.maven.apache.org/maven2/org/opentest4j/opentest4j/1.2.0/opentest4j-1.2.0.pom
Progress (1): 1.2 kBProgress (1): 1.7 kB                    Downloaded from central: https://repo.maven.apache.org/maven2/org/opentest4j/opentest4j/1.2.0/opentest4j-1.2.0.pom (1.7 kB at 34 kB/s)
Downloading from central: https://repo.maven.apache.org/maven2/org/junit/platform/junit-platform-commons/1.9.3/junit-platform-commons-1.9.3.pom
Progress (1): 971 BProgress (1): 2.8 kB                    Downloaded from central: https://repo.maven.apache.org/maven2/org/junit/platform/junit-platform-commons/1.9.3/junit-platform-commons-1.9.3.pom (2.8 kB at 52 kB/s)
Downloading from central: https://repo.maven.apache.org/maven2/org/apache/maven/surefire/surefire-junit-platform/3.2.5/surefire-junit-platform-3.2.5.jar
Downloading from central: https://repo.maven.apache.org/maven2/org/apache/maven/surefire/common-java5/3.2.5/common-java5-3.2.5.jar
Downloading from central: https://repo.maven.apache.org/maven2/org/junit/platform/junit-platform-launcher/1.9.3/junit-platform-launcher-1.9.3.jar
Downloading from central: https://repo.maven.apache.org/maven2/org/junit/platform/junit-platform-engine/1.9.3/junit-platform-engine-1.9.3.jar
Downloading from central: https://repo.maven.apache.org/maven2/org/opentest4j/opentest4j/1.2.0/opentest4j-1.2.0.jar
Progress (1): 7.7/27 kBProgress (1): 16/27 kB Progress (1): 27 kB                      Downloaded from central: https://repo.maven.apache.org/maven2/org/apache/maven/surefire/surefire-junit-platform/3.2.5/surefire-junit-platform-3.2.5.jar (27 kB at 617 kB/s)
Downloading from central: https://repo.maven.apache.org/maven2/org/junit/platform/junit-platform-commons/1.9.3/junit-platform-commons-1.9.3.jar
Progress (1): 7.7 kB                    Downloaded from central: https://repo.maven.apache.org/maven2/org/opentest4j/opentest4j/1.2.0/opentest4j-1.2.0.jar (7.7 kB at 170 kB/s)
Progress (1): 7.7/169 kBProgress (1): 16/169 kB Progress (1): 32/169 kBProgress (1): 49/169 kBProgress (1): 65/169 kBProgress (1): 81/169 kBProgress (1): 98/169 kBProgress (1): 114/169 kBProgress (1): 131/169 kBProgress (1): 147/169 kBProgress (1): 163/169 kBProgress (1): 169 kB                        Downloaded from central: https://repo.maven.apache.org/maven2/org/junit/platform/junit-platform-launcher/1.9.3/junit-platform-launcher-1.9.3.jar (169 kB at 3.1 MB/s)
Progress (1): 7.7/189 kBProgress (1): 16/189 kB Progress (1): 32/189 kBProgress (1): 49/189 kBProgress (1): 65/189 kBProgress (1): 81/189 kBProgress (2): 81/189 kB | 7.7/18 kBProgress (2): 81/189 kB | 7.7/18 kBProgress (2): 98/189 kB | 7.7/18 kBProgress (2): 98/189 kB | 18 kB    Progress (2): 114/189 kB | 18 kBProgress (2): 131/189 kB | 18 kBProgress (2): 147/189 kB | 18 kBProgress (2): 163/189 kB | 18 kBProgress (2): 180/189 kB | 18 kBProgress (2): 189 kB | 18 kB                                Downloaded from central: https://repo.maven.apache.org/maven2/org/apache/maven/surefire/common-java5/3.2.5/common-java5-3.2.5.jar (18 kB at 288 kB/s)
Downloaded from central: https://repo.maven.apache.org/maven2/org/junit/platform/junit-platform-engine/1.9.3/junit-platform-engine-1.9.3.jar (189 kB at 3.1 MB/s)
Progress (1): 7.7/103 kBProgress (1): 16/103 kB Progress (1): 25/103 kBProgress (1): 41/103 kBProgress (1): 57/103 kBProgress (1): 74/103 kBProgress (1): 90/103 kBProgress (1): 103 kB                       Downloaded from central: https://repo.maven.apache.org/maven2/org/junit/platform/junit-platform-commons/1.9.3/junit-platform-commons-1.9.3.jar (103 kB at 1.1 MB/s)
Downloading from central: https://repo.maven.apache.org/maven2/org/junit/platform/junit-platform-launcher/1.10.0/junit-platform-launcher-1.10.0.pom
Progress (1): 969 BProgress (1): 3.0 kB                    Downloaded from central: https://repo.maven.apache.org/maven2/org/junit/platform/junit-platform-launcher/1.10.0/junit-platform-launcher-1.10.0.pom (3.0 kB at 59 kB/s)
Downloading from central: https://repo.maven.apache.org/maven2/org/junit/platform/junit-platform-launcher/1.10.0/junit-platform-launcher-1.10.0.jar
Progress (1): 7.7/184 kBProgress (1): 16/184 kB Progress (1): 32/184 kBProgress (1): 49/184 kBProgress (1): 65/184 kBProgress (1): 81/184 kBProgress (1): 98/184 kBProgress (1): 114/184 kBProgress (1): 131/184 kBProgress (1): 147/184 kBProgress (1): 163/184 kBProgress (1): 180/184 kBProgress (1): 184 kB                        Downloaded from central: https://repo.maven.apache.org/maven2/org/junit/platform/junit-platform-launcher/1.10.0/junit-platform-launcher-1.10.0.jar (184 kB at 3.8 MB/s)
[INFO] 
[INFO] -------------------------------------------------------
[INFO]  T E S T S
[INFO] -------------------------------------------------------
[INFO] Running com.mycompany.app.AppTest
[INFO] Tests run: 2, Failures: 0, Errors: 0, Skipped: 0, Time elapsed: 0.156 s -- in com.mycompany.app.AppTest
[INFO] 
[INFO] Results:
[INFO] 
[INFO] Tests run: 2, Failures: 0, Errors: 0, Skipped: 0
[INFO] 
[INFO] 
[INFO] --- jar:3.4.1:jar (default-jar) @ hello-world ---
Downloading from central: https://repo.maven.apache.org/maven2/org/apache/maven/shared/file-management/3.1.0/file-management-3.1.0.pom
Progress (1): 794 BProgress (1): 2.2 kBProgress (1): 4.4 kBProgress (1): 4.5 kB                    Downloaded from central: https://repo.maven.apache.org/maven2/org/apache/maven/shared/file-management/3.1.0/file-management-3.1.0.pom (4.5 kB at 77 kB/s)
Downloading from central: https://repo.maven.apache.org/maven2/org/apache/maven/shared/maven-shared-components/36/maven-shared-components-36.pom
Progress (1): 781 BProgress (1): 2.3 kBProgress (1): 4.5 kBProgress (1): 4.9 kB                    Downloaded from central: https://repo.maven.apache.org/maven2/org/apache/maven/shared/maven-shared-components/36/maven-shared-components-36.pom (4.9 kB at 91 kB/s)
Downloading from central: https://repo.maven.apache.org/maven2/org/apache/maven/maven-parent/36/maven-parent-36.pom
Progress (1): 721 BProgress (1): 1.9 kBProgress (1): 5.4 kBProgress (1): 9.5 kBProgress (1): 14 kB Progress (1): 19 kBProgress (1): 22 kBProgress (1): 26 kBProgress (1): 28 kBProgress (1): 30 kBProgress (1): 34 kBProgress (1): 37 kBProgress (1): 40 kBProgress (1): 45 kBProgress (1): 45 kB                   Downloaded from central: https://repo.maven.apache.org/maven2/org/apache/maven/maven-parent/36/maven-parent-36.pom (45 kB at 745 kB/s)
Downloading from central: https://repo.maven.apache.org/maven2/org/apache/apache/26/apache-26.pom
Progress (1): 763 BProgress (1): 2.2 kBProgress (1): 4.0 kBProgress (1): 7.5 kBProgress (1): 7.7 kBProgress (1): 12 kB Progress (1): 16 kBProgress (1): 19 kBProgress (1): 21 kB                   Downloaded from central: https://repo.maven.apache.org/maven2/org/apache/apache/26/apache-26.pom (21 kB at 373 kB/s)
Downloading from central: https://repo.maven.apache.org/maven2/org/codehaus/plexus/plexus-utils/4.0.1/plexus-utils-4.0.1.pom
Progress (1): 765 BProgress (1): 2.2 kBProgress (1): 4.3 kBProgress (1): 7.8 kB                    Downloaded from central: https://repo.maven.apache.org/maven2/org/codehaus/plexus/plexus-utils/4.0.1/plexus-utils-4.0.1.pom (7.8 kB at 107 kB/s)
Downloading from central: https://repo.maven.apache.org/maven2/commons-io/commons-io/2.16.1/commons-io-2.16.1.pom
Progress (1): 761 BProgress (1): 2.0 kBProgress (1): 4.9 kBProgress (1): 6.7 kBProgress (1): 8.8 kBProgress (1): 12 kB Progress (1): 15 kBProgress (1): 18 kBProgress (1): 20 kB                   Downloaded from central: https://repo.maven.apache.org/maven2/commons-io/commons-io/2.16.1/commons-io-2.16.1.pom (20 kB at 248 kB/s)
Downloading from central: https://repo.maven.apache.org/maven2/org/apache/commons/commons-parent/69/commons-parent-69.pom
Progress (1): 703 BProgress (1): 1.9 kBProgress (1): 3.1 kBProgress (1): 4.6 kBProgress (1): 6.4 kBProgress (1): 8.4 kBProgress (1): 9.9 kBProgress (1): 12 kB Progress (1): 14 kBProgress (1): 17 kBProgress (1): 19 kBProgress (1): 22 kBProgress (1): 24 kBProgress (1): 28 kBProgress (1): 31 kBProgress (1): 31 kBProgress (1): 35 kBProgress (1): 40 kBProgress (1): 43 kBProgress (1): 45 kBProgress (1): 48 kBProgress (1): 51 kBProgress (1): 55 kBProgress (1): 57 kBProgress (1): 59 kBProgress (1): 63 kBProgress (1): 67 kBProgress (1): 70 kBProgress (1): 73 kBProgress (1): 75 kBProgress (1): 77 kB                   Downloaded from central: https://repo.maven.apache.org/maven2/org/apache/commons/commons-parent/69/commons-parent-69.pom (77 kB at 975 kB/s)
Downloading from central: https://repo.maven.apache.org/maven2/org/apache/maven/maven-archiver/3.6.2/maven-archiver-3.6.2.pom
Progress (1): 801 BProgress (1): 2.3 kBProgress (1): 4.4 kB                    Downloaded from central: https://repo.maven.apache.org/maven2/org/apache/maven/maven-archiver/3.6.2/maven-archiver-3.6.2.pom (4.4 kB at 66 kB/s)
Downloading from central: https://repo.maven.apache.org/maven2/org/apache/maven/shared/maven-shared-components/41/maven-shared-components-41.pom
Progress (1): 816 BProgress (1): 2.3 kBProgress (1): 3.2 kB                    Downloaded from central: https://repo.maven.apache.org/maven2/org/apache/maven/shared/maven-shared-components/41/maven-shared-components-41.pom (3.2 kB at 51 kB/s)
Downloading from central: https://repo.maven.apache.org/maven2/org/codehaus/plexus/plexus-archiver/4.9.2/plexus-archiver-4.9.2.pom
Progress (1): 1.2 kBProgress (1): 4.1 kBProgress (1): 6.0 kB                    Downloaded from central: https://repo.maven.apache.org/maven2/org/codehaus/plexus/plexus-archiver/4.9.2/plexus-archiver-4.9.2.pom (6.0 kB at 109 kB/s)
Downloading from central: https://repo.maven.apache.org/maven2/org/codehaus/plexus/plexus-io/3.4.2/plexus-io-3.4.2.pom
Progress (1): 1.2 kBProgress (1): 3.9 kB                    Downloaded from central: https://repo.maven.apache.org/maven2/org/codehaus/plexus/plexus-io/3.4.2/plexus-io-3.4.2.pom (3.9 kB at 74 kB/s)
Downloading from central: https://repo.maven.apache.org/maven2/org/codehaus/plexus/plexus/16/plexus-16.pom
Progress (1): 690 BProgress (1): 2.5 kBProgress (1): 6.4 kBProgress (1): 8.8 kBProgress (1): 11 kB Progress (1): 14 kBProgress (1): 18 kBProgress (1): 21 kBProgress (1): 25 kBProgress (1): 28 kB                   Downloaded from central: https://repo.maven.apache.org/maven2/org/codehaus/plexus/plexus/16/plexus-16.pom (28 kB at 503 kB/s)
Downloading from central: https://repo.maven.apache.org/maven2/org/apache/commons/commons-compress/1.26.1/commons-compress-1.26.1.pom
Progress (1): 753 BProgress (1): 1.9 kBProgress (1): 3.7 kBProgress (1): 5.8 kBProgress (1): 9.1 kBProgress (1): 12 kB Progress (1): 15 kBProgress (1): 19 kBProgress (1): 21 kBProgress (1): 22 kB                   Downloaded from central: https://repo.maven.apache.org/maven2/org/apache/commons/commons-compress/1.26.1/commons-compress-1.26.1.pom (22 kB at 361 kB/s)
Downloading from central: https://repo.maven.apache.org/maven2/org/apache/commons/commons-parent/66/commons-parent-66.pom
Progress (1): 703 BProgress (1): 1.9 kBProgress (1): 3.1 kBProgress (1): 4.6 kBProgress (1): 6.4 kBProgress (1): 8.4 kBProgress (1): 10 kB Progress (1): 13 kBProgress (1): 14 kBProgress (1): 17 kBProgress (1): 19 kBProgress (1): 22 kBProgress (1): 25 kBProgress (1): 28 kBProgress (1): 31 kBProgress (1): 32 kBProgress (1): 35 kBProgress (1): 40 kBProgress (1): 43 kBProgress (1): 46 kBProgress (1): 48 kBProgress (1): 51 kBProgress (1): 55 kBProgress (1): 57 kBProgress (1): 59 kBProgress (1): 63 kBProgress (1): 67 kBProgress (1): 70 kBProgress (1): 73 kBProgress (1): 75 kBProgress (1): 77 kB                   Downloaded from central: https://repo.maven.apache.org/maven2/org/apache/commons/commons-parent/66/commons-parent-66.pom (77 kB at 1.5 MB/s)
Downloading from central: https://repo.maven.apache.org/maven2/commons-codec/commons-codec/1.16.1/commons-codec-1.16.1.pom
Progress (1): 742 BProgress (1): 1.9 kBProgress (1): 3.8 kBProgress (1): 6.2 kBProgress (1): 8.6 kBProgress (1): 11 kB Progress (1): 13 kBProgress (1): 16 kB                   Downloaded from central: https://repo.maven.apache.org/maven2/commons-codec/commons-codec/1.16.1/commons-codec-1.16.1.pom (16 kB at 285 kB/s)
Downloading from central: https://repo.maven.apache.org/maven2/org/apache/commons/commons-lang3/3.14.0/commons-lang3-3.14.0.pom
Progress (1): 736 BProgress (1): 2.0 kBProgress (1): 4.7 kBProgress (1): 8.3 kBProgress (1): 12 kB Progress (1): 15 kBProgress (1): 16 kBProgress (1): 18 kBProgress (1): 21 kBProgress (1): 24 kBProgress (1): 27 kBProgress (1): 30 kBProgress (1): 31 kB                   Downloaded from central: https://repo.maven.apache.org/maven2/org/apache/commons/commons-lang3/3.14.0/commons-lang3-3.14.0.pom (31 kB at 618 kB/s)
Downloading from central: https://repo.maven.apache.org/maven2/org/apache/commons/commons-parent/64/commons-parent-64.pom
Progress (1): 702 BProgress (1): 1.9 kBProgress (1): 3.1 kBProgress (1): 4.6 kBProgress (1): 6.4 kBProgress (1): 8.4 kBProgress (1): 10 kB Progress (1): 13 kBProgress (1): 14 kBProgress (1): 18 kBProgress (1): 19 kBProgress (1): 23 kBProgress (1): 25 kBProgress (1): 28 kBProgress (1): 32 kBProgress (1): 32 kBProgress (1): 35 kBProgress (1): 41 kBProgress (1): 43 kBProgress (1): 46 kBProgress (1): 49 kBProgress (1): 51 kBProgress (1): 54 kBProgress (1): 58 kBProgress (1): 60 kBProgress (1): 64 kBProgress (1): 67 kBProgress (1): 71 kBProgress (1): 74 kBProgress (1): 76 kBProgress (1): 78 kB                   Downloaded from central: https://repo.maven.apache.org/maven2/org/apache/commons/commons-parent/64/commons-parent-64.pom (78 kB at 1.3 MB/s)
Downloading from central: https://repo.maven.apache.org/maven2/org/apache/apache/30/apache-30.pom
Progress (1): 741 BProgress (1): 2.1 kBProgress (1): 4.0 kBProgress (1): 6.2 kBProgress (1): 11 kB Progress (1): 16 kBProgress (1): 20 kBProgress (1): 22 kBProgress (1): 23 kB                   Downloaded from central: https://repo.maven.apache.org/maven2/org/apache/apache/30/apache-30.pom (23 kB at 447 kB/s)
Downloading from central: https://repo.maven.apache.org/maven2/org/iq80/snappy/snappy/0.4/snappy-0.4.pom
Progress (1): 1.2 kBProgress (1): 3.7 kBProgress (1): 8.1 kBProgress (1): 12 kB Progress (1): 15 kB                   Downloaded from central: https://repo.maven.apache.org/maven2/org/iq80/snappy/snappy/0.4/snappy-0.4.pom (15 kB at 255 kB/s)
Downloading from central: https://repo.maven.apache.org/maven2/org/tukaani/xz/1.9/xz-1.9.pom
Progress (1): 1.1 kBProgress (1): 2.0 kB                    Downloaded from central: https://repo.maven.apache.org/maven2/org/tukaani/xz/1.9/xz-1.9.pom (2.0 kB at 35 kB/s)
Downloading from central: https://repo.maven.apache.org/maven2/com/github/luben/zstd-jni/1.5.5-11/zstd-jni-1.5.5-11.pom
Progress (1): 1.1 kBProgress (1): 2.0 kB                    Downloaded from central: https://repo.maven.apache.org/maven2/com/github/luben/zstd-jni/1.5.5-11/zstd-jni-1.5.5-11.pom (2.0 kB at 33 kB/s)
Downloading from central: https://repo.maven.apache.org/maven2/org/codehaus/plexus/plexus-interpolation/1.27/plexus-interpolation-1.27.pom
Progress (1): 1.3 kBProgress (1): 3.0 kB                    Downloaded from central: https://repo.maven.apache.org/maven2/org/codehaus/plexus/plexus-interpolation/1.27/plexus-interpolation-1.27.pom (3.0 kB at 57 kB/s)
Downloading from central: https://repo.maven.apache.org/maven2/org/apache/maven/shared/file-management/3.1.0/file-management-3.1.0.jar
Downloading from central: https://repo.maven.apache.org/maven2/commons-io/commons-io/2.16.1/commons-io-2.16.1.jar
Downloading from central: https://repo.maven.apache.org/maven2/org/apache/maven/maven-archiver/3.6.2/maven-archiver-3.6.2.jar
Downloading from central: https://repo.maven.apache.org/maven2/org/codehaus/plexus/plexus-interpolation/1.27/plexus-interpolation-1.27.jar
Downloading from central: https://repo.maven.apache.org/maven2/org/codehaus/plexus/plexus-utils/4.0.1/plexus-utils-4.0.1.jar
Progress (1): 7.7/36 kBProgress (1): 16/36 kB Progress (1): 32/36 kBProgress (1): 36 kB                      Downloaded from central: https://repo.maven.apache.org/maven2/org/apache/maven/shared/file-management/3.1.0/file-management-3.1.0.jar (36 kB at 807 kB/s)
Downloading from central: https://repo.maven.apache.org/maven2/org/codehaus/plexus/plexus-archiver/4.9.2/plexus-archiver-4.9.2.jar
Progress (1): 7.7/86 kBProgress (2): 7.7/86 kB | 7.7/27 kBProgress (2): 16/86 kB | 7.7/27 kB Progress (2): 16/86 kB | 16/27 kB Progress (2): 16/86 kB | 27 kB   Progress (2): 32/86 kB | 27 kBProgress (2): 49/86 kB | 27 kBProgress (2): 65/86 kB | 27 kB                              Downloaded from central: https://repo.maven.apache.org/maven2/org/apache/maven/maven-archiver/3.6.2/maven-archiver-3.6.2.jar (27 kB at 447 kB/s)
Downloading from central: https://repo.maven.apache.org/maven2/org/codehaus/plexus/plexus-io/3.4.2/plexus-io-3.4.2.jar
Progress (1): 81/86 kBProgress (1): 86 kB   Progress (2): 86 kB | 7.7/509 kBProgress (2): 86 kB | 16/509 kB Progress (2): 86 kB | 32/509 kBProgress (2): 86 kB | 49/509 kB                               Downloaded from central: https://repo.maven.apache.org/maven2/org/codehaus/plexus/plexus-interpolation/1.27/plexus-interpolation-1.27.jar (86 kB at 1.4 MB/s)
Downloading from central: https://repo.maven.apache.org/maven2/org/apache/commons/commons-compress/1.26.1/commons-compress-1.26.1.jar
Progress (1): 65/509 kBProgress (1): 81/509 kBProgress (1): 98/509 kBProgress (1): 114/509 kBProgress (1): 131/509 kBProgress (1): 147/509 kBProgress (1): 163/509 kBProgress (1): 180/509 kBProgress (1): 196/509 kBProgress (1): 213/509 kBProgress (1): 229/509 kBProgress (1): 245/509 kBProgress (1): 262/509 kBProgress (1): 278/509 kBProgress (1): 294/509 kBProgress (1): 311/509 kBProgress (1): 327/509 kBProgress (1): 344/509 kBProgress (1): 360/509 kBProgress (1): 376/509 kBProgress (1): 393/509 kBProgress (1): 409/509 kBProgress (1): 426/509 kBProgress (1): 442/509 kBProgress (1): 458/509 kBProgress (1): 475/509 kBProgress (1): 491/509 kBProgress (2): 491/509 kB | 7.7/193 kBProgress (2): 491/509 kB | 16/193 kB Progress (2): 507/509 kB | 16/193 kBProgress (2): 509 kB | 16/193 kB    Progress (2): 509 kB | 32/193 kBProgress (2): 509 kB | 49/193 kBProgress (2): 509 kB | 65/193 kBProgress (2): 509 kB | 81/193 kBProgress (2): 509 kB | 98/193 kB                                Downloaded from central: https://repo.maven.apache.org/maven2/commons-io/commons-io/2.16.1/commons-io-2.16.1.jar (509 kB at 6.9 MB/s)
Downloading from central: https://repo.maven.apache.org/maven2/org/apache/commons/commons-lang3/3.14.0/commons-lang3-3.14.0.jar
Progress (1): 114/193 kBProgress (1): 131/193 kBProgress (1): 147/193 kBProgress (1): 163/193 kBProgress (1): 180/193 kBProgress (1): 193 kB                        Downloaded from central: https://repo.maven.apache.org/maven2/org/codehaus/plexus/plexus-utils/4.0.1/plexus-utils-4.0.1.jar (193 kB at 2.5 MB/s)
Downloading from central: https://repo.maven.apache.org/maven2/commons-codec/commons-codec/1.16.1/commons-codec-1.16.1.jar
Progress (1): 7.7/225 kBProgress (1): 16/225 kB Progress (1): 32/225 kBProgress (1): 49/225 kBProgress (1): 65/225 kBProgress (1): 81/225 kBProgress (1): 98/225 kBProgress (1): 114/225 kBProgress (1): 131/225 kBProgress (1): 147/225 kBProgress (1): 163/225 kBProgress (1): 180/225 kBProgress (1): 196/225 kBProgress (1): 213/225 kBProgress (1): 225 kB                        Downloaded from central: https://repo.maven.apache.org/maven2/org/codehaus/plexus/plexus-archiver/4.9.2/plexus-archiver-4.9.2.jar (225 kB at 2.4 MB/s)
Downloading from central: https://repo.maven.apache.org/maven2/org/iq80/snappy/snappy/0.4/snappy-0.4.jar
Progress (1): 0/1.1 MBProgress (1): 0/1.1 MBProgress (1): 0/1.1 MBProgress (1): 0/1.1 MBProgress (1): 0.1/1.1 MBProgress (1): 0.1/1.1 MBProgress (1): 0.1/1.1 MBProgress (1): 0.1/1.1 MBProgress (1): 0.1/1.1 MBProgress (2): 0.1/1.1 MB | 7.7/365 kBProgress (2): 0.1/1.1 MB | 16/365 kB Progress (2): 0.1/1.1 MB | 32/365 kBProgress (2): 0.1/1.1 MB | 49/365 kBProgress (2): 0.1/1.1 MB | 57/365 kBProgress (2): 0.1/1.1 MB | 74/365 kBProgress (2): 0.1/1.1 MB | 90/365 kBProgress (2): 0.1/1.1 MB | 106/365 kBProgress (2): 0.1/1.1 MB | 123/365 kBProgress (2): 0.1/1.1 MB | 139/365 kBProgress (3): 0.1/1.1 MB | 139/365 kB | 7.7/79 kBProgress (3): 0.1/1.1 MB | 139/365 kB | 16/79 kB Progress (3): 0.1/1.1 MB | 156/365 kB | 16/79 kBProgress (3): 0.1/1.1 MB | 156/365 kB | 32/79 kBProgress (3): 0.1/1.1 MB | 156/365 kB | 49/79 kBProgress (3): 0.1/1.1 MB | 156/365 kB | 49/79 kBProgress (3): 0.2/1.1 MB | 156/365 kB | 49/79 kBProgress (3): 0.2/1.1 MB | 156/365 kB | 49/79 kBProgress (3): 0.2/1.1 MB | 156/365 kB | 49/79 kBProgress (3): 0.2/1.1 MB | 156/365 kB | 49/79 kBProgress (3): 0.2/1.1 MB | 156/365 kB | 49/79 kBProgress (3): 0.2/1.1 MB | 156/365 kB | 49/79 kBProgress (3): 0.3/1.1 MB | 156/365 kB | 49/79 kBProgress (3): 0.3/1.1 MB | 156/365 kB | 49/79 kBProgress (3): 0.3/1.1 MB | 156/365 kB | 49/79 kBProgress (3): 0.3/1.1 MB | 156/365 kB | 49/79 kBProgress (3): 0.3/1.1 MB | 156/365 kB | 49/79 kBProgress (3): 0.3/1.1 MB | 156/365 kB | 49/79 kBProgress (4): 0.3/1.1 MB | 156/365 kB | 49/79 kB | 7.7/658 kBProgress (4): 0.4/1.1 MB | 156/365 kB | 49/79 kB | 7.7/658 kBProgress (4): 0.4/1.1 MB | 156/365 kB | 49/79 kB | 16/658 kB Progress (4): 0.4/1.1 MB | 156/365 kB | 49/79 kB | 16/658 kBProgress (4): 0.4/1.1 MB | 156/365 kB | 49/79 kB | 16/658 kBProgress (4): 0.4/1.1 MB | 156/365 kB | 49/79 kB | 16/658 kBProgress (4): 0.4/1.1 MB | 156/365 kB | 49/79 kB | 16/658 kBProgress (4): 0.4/1.1 MB | 156/365 kB | 49/79 kB | 16/658 kBProgress (4): 0.5/1.1 MB | 156/365 kB | 49/79 kB | 16/658 kBProgress (4): 0.5/1.1 MB | 156/365 kB | 49/79 kB | 16/658 kBProgress (4): 0.5/1.1 MB | 156/365 kB | 49/79 kB | 16/658 kBProgress (4): 0.5/1.1 MB | 156/365 kB | 49/79 kB | 16/658 kBProgress (4): 0.5/1.1 MB | 156/365 kB | 49/79 kB | 16/658 kBProgress (4): 0.5/1.1 MB | 156/365 kB | 49/79 kB | 16/658 kBProgress (4): 0.6/1.1 MB | 156/365 kB | 49/79 kB | 16/658 kBProgress (4): 0.6/1.1 MB | 156/365 kB | 49/79 kB | 16/658 kBProgress (4): 0.6/1.1 MB | 156/365 kB | 49/79 kB | 16/658 kBProgress (4): 0.6/1.1 MB | 156/365 kB | 49/79 kB | 16/658 kBProgress (4): 0.6/1.1 MB | 156/365 kB | 49/79 kB | 16/658 kBProgress (4): 0.6/1.1 MB | 156/365 kB | 49/79 kB | 16/658 kBProgress (4): 0.7/1.1 MB | 156/365 kB | 49/79 kB | 16/658 kBProgress (5): 0.7/1.1 MB | 156/365 kB | 49/79 kB | 16/658 kB | 7.7/58 kBProgress (5): 0.7/1.1 MB | 156/365 kB | 49/79 kB | 16/658 kB | 16/58 kB Progress (5): 0.7/1.1 MB | 156/365 kB | 49/79 kB | 16/658 kB | 16/58 kBProgress (5): 0.7/1.1 MB | 156/365 kB | 49/79 kB | 16/658 kB | 32/58 kBProgress (5): 0.7/1.1 MB | 156/365 kB | 49/79 kB | 16/658 kB | 49/58 kBProgress (5): 0.7/1.1 MB | 156/365 kB | 49/79 kB | 16/658 kB | 58 kB                                                                       Downloaded from central: https://repo.maven.apache.org/maven2/org/iq80/snappy/snappy/0.4/snappy-0.4.jar (58 kB at 400 kB/s)
Downloading from central: https://repo.maven.apache.org/maven2/org/tukaani/xz/1.9/xz-1.9.jar
Progress (4): 0.7/1.1 MB | 156/365 kB | 49/79 kB | 32/658 kBProgress (4): 0.7/1.1 MB | 156/365 kB | 49/79 kB | 32/658 kBProgress (4): 0.7/1.1 MB | 156/365 kB | 49/79 kB | 49/658 kBProgress (4): 0.7/1.1 MB | 156/365 kB | 49/79 kB | 49/658 kBProgress (4): 0.7/1.1 MB | 156/365 kB | 49/79 kB | 65/658 kBProgress (4): 0.7/1.1 MB | 156/365 kB | 49/79 kB | 65/658 kBProgress (4): 0.7/1.1 MB | 156/365 kB | 49/79 kB | 81/658 kBProgress (4): 0.7/1.1 MB | 156/365 kB | 49/79 kB | 81/658 kBProgress (4): 0.7/1.1 MB | 156/365 kB | 49/79 kB | 98/658 kBProgress (4): 0.8/1.1 MB | 156/365 kB | 49/79 kB | 98/658 kBProgress (4): 0.8/1.1 MB | 156/365 kB | 49/79 kB | 114/658 kBProgress (4): 0.8/1.1 MB | 156/365 kB | 49/79 kB | 114/658 kBProgress (4): 0.8/1.1 MB | 156/365 kB | 49/79 kB | 131/658 kBProgress (4): 0.8/1.1 MB | 156/365 kB | 49/79 kB | 131/658 kBProgress (4): 0.8/1.1 MB | 156/365 kB | 49/79 kB | 147/658 kBProgress (4): 0.8/1.1 MB | 156/365 kB | 49/79 kB | 147/658 kBProgress (4): 0.8/1.1 MB | 156/365 kB | 49/79 kB | 163/658 kBProgress (4): 0.8/1.1 MB | 156/365 kB | 49/79 kB | 163/658 kBProgress (4): 0.8/1.1 MB | 156/365 kB | 49/79 kB | 180/658 kBProgress (4): 0.8/1.1 MB | 156/365 kB | 49/79 kB | 180/658 kBProgress (4): 0.8/1.1 MB | 156/365 kB | 49/79 kB | 196/658 kBProgress (4): 0.9/1.1 MB | 156/365 kB | 49/79 kB | 196/658 kBProgress (4): 0.9/1.1 MB | 156/365 kB | 49/79 kB | 213/658 kBProgress (4): 0.9/1.1 MB | 156/365 kB | 49/79 kB | 213/658 kBProgress (4): 0.9/1.1 MB | 156/365 kB | 49/79 kB | 229/658 kBProgress (4): 0.9/1.1 MB | 156/365 kB | 49/79 kB | 245/658 kBProgress (4): 0.9/1.1 MB | 156/365 kB | 49/79 kB | 262/658 kBProgress (4): 0.9/1.1 MB | 156/365 kB | 49/79 kB | 262/658 kBProgress (4): 0.9/1.1 MB | 156/365 kB | 49/79 kB | 278/658 kBProgress (4): 0.9/1.1 MB | 156/365 kB | 49/79 kB | 278/658 kBProgress (4): 0.9/1.1 MB | 156/365 kB | 49/79 kB | 278/658 kBProgress (4): 0.9/1.1 MB | 156/365 kB | 49/79 kB | 294/658 kBProgress (4): 0.9/1.1 MB | 156/365 kB | 49/79 kB | 294/658 kBProgress (4): 0.9/1.1 MB | 156/365 kB | 49/79 kB | 294/658 kBProgress (4): 0.9/1.1 MB | 156/365 kB | 49/79 kB | 311/658 kBProgress (4): 1.0/1.1 MB | 156/365 kB | 49/79 kB | 311/658 kBProgress (4): 1.0/1.1 MB | 156/365 kB | 49/79 kB | 327/658 kBProgress (4): 1.0/1.1 MB | 156/365 kB | 49/79 kB | 327/658 kBProgress (4): 1.0/1.1 MB | 156/365 kB | 49/79 kB | 344/658 kBProgress (4): 1.0/1.1 MB | 156/365 kB | 49/79 kB | 344/658 kBProgress (4): 1.0/1.1 MB | 156/365 kB | 49/79 kB | 360/658 kBProgress (4): 1.0/1.1 MB | 156/365 kB | 49/79 kB | 360/658 kBProgress (4): 1.0/1.1 MB | 156/365 kB | 49/79 kB | 376/658 kBProgress (4): 1.0/1.1 MB | 156/365 kB | 49/79 kB | 376/658 kBProgress (4): 1.0/1.1 MB | 156/365 kB | 49/79 kB | 376/658 kBProgress (4): 1.0/1.1 MB | 156/365 kB | 49/79 kB | 393/658 kBProgress (4): 1.1/1.1 MB | 156/365 kB | 49/79 kB | 393/658 kBProgress (4): 1.1/1.1 MB | 172/365 kB | 49/79 kB | 393/658 kBProgress (4): 1.1 MB | 172/365 kB | 49/79 kB | 393/658 kB    Progress (4): 1.1 MB | 172/365 kB | 49/79 kB | 409/658 kBProgress (4): 1.1 MB | 188/365 kB | 49/79 kB | 409/658 kBProgress (4): 1.1 MB | 205/365 kB | 49/79 kB | 409/658 kBProgress (4): 1.1 MB | 205/365 kB | 49/79 kB | 426/658 kBProgress (4): 1.1 MB | 221/365 kB | 49/79 kB | 426/658 kBProgress (4): 1.1 MB | 238/365 kB | 49/79 kB | 426/658 kBProgress (4): 1.1 MB | 238/365 kB | 49/79 kB | 442/658 kBProgress (4): 1.1 MB | 254/365 kB | 49/79 kB | 442/658 kBProgress (4): 1.1 MB | 270/365 kB | 49/79 kB | 442/658 kBProgress (4): 1.1 MB | 270/365 kB | 49/79 kB | 458/658 kBProgress (4): 1.1 MB | 270/365 kB | 65/79 kB | 458/658 kBProgress (4): 1.1 MB | 270/365 kB | 65/79 kB | 475/658 kBProgress (4): 1.1 MB | 270/365 kB | 79 kB | 475/658 kB   Progress (4): 1.1 MB | 270/365 kB | 79 kB | 491/658 kB                                                      Downloaded from central: https://repo.maven.apache.org/maven2/org/apache/commons/commons-compress/1.26.1/commons-compress-1.26.1.jar (1.1 MB at 6.5 MB/s)
Progress (3): 270/365 kB | 79 kB | 507/658 kB                                             Downloading from central: https://repo.maven.apache.org/maven2/com/github/luben/zstd-jni/1.5.5-11/zstd-jni-1.5.5-11.jar
Progress (3): 287/365 kB | 79 kB | 507/658 kBProgress (3): 287/365 kB | 79 kB | 524/658 kBProgress (3): 287/365 kB | 79 kB | 540/658 kBProgress (3): 303/365 kB | 79 kB | 540/658 kB                                             Downloaded from central: https://repo.maven.apache.org/maven2/org/codehaus/plexus/plexus-io/3.4.2/plexus-io-3.4.2.jar (79 kB at 476 kB/s)
Progress (2): 303/365 kB | 557/658 kBProgress (2): 319/365 kB | 557/658 kBProgress (2): 319/365 kB | 573/658 kBProgress (2): 336/365 kB | 573/658 kBProgress (2): 336/365 kB | 589/658 kBProgress (2): 352/365 kB | 589/658 kBProgress (2): 352/365 kB | 606/658 kBProgress (2): 352/365 kB | 622/658 kBProgress (2): 352/365 kB | 639/658 kBProgress (2): 352/365 kB | 655/658 kBProgress (2): 352/365 kB | 658 kB                                     Downloaded from central: https://repo.maven.apache.org/maven2/org/apache/commons/commons-lang3/3.14.0/commons-lang3-3.14.0.jar (658 kB at 3.8 MB/s)
Progress (1): 365 kB                    Downloaded from central: https://repo.maven.apache.org/maven2/commons-codec/commons-codec/1.16.1/commons-codec-1.16.1.jar (365 kB at 2.0 MB/s)
Progress (1): 7.7/116 kBProgress (1): 16/116 kB Progress (1): 32/116 kBProgress (1): 49/116 kBProgress (1): 65/116 kBProgress (1): 81/116 kBProgress (1): 98/116 kBProgress (1): 114/116 kBProgress (1): 116 kB                        Downloaded from central: https://repo.maven.apache.org/maven2/org/tukaani/xz/1.9/xz-1.9.jar (116 kB at 595 kB/s)
Progress (1): 0/6.8 MBProgress (1): 0/6.8 MBProgress (1): 0/6.8 MBProgress (1): 0/6.8 MBProgress (1): 0.1/6.8 MBProgress (1): 0.1/6.8 MBProgress (1): 0.1/6.8 MBProgress (1): 0.1/6.8 MBProgress (1): 0.1/6.8 MBProgress (1): 0.1/6.8 MBProgress (1): 0.2/6.8 MBProgress (1): 0.2/6.8 MBProgress (1): 0.2/6.8 MBProgress (1): 0.2/6.8 MBProgress (1): 0.2/6.8 MBProgress (1): 0.2/6.8 MBProgress (1): 0.3/6.8 MBProgress (1): 0.3/6.8 MBProgress (1): 0.3/6.8 MBProgress (1): 0.3/6.8 MBProgress (1): 0.3/6.8 MBProgress (1): 0.3/6.8 MBProgress (1): 0.4/6.8 MBProgress (1): 0.4/6.8 MBProgress (1): 0.4/6.8 MBProgress (1): 0.4/6.8 MBProgress (1): 0.4/6.8 MBProgress (1): 0.4/6.8 MBProgress (1): 0.5/6.8 MBProgress (1): 0.5/6.8 MBProgress (1): 0.5/6.8 MBProgress (1): 0.5/6.8 MBProgress (1): 0.5/6.8 MBProgress (1): 0.5/6.8 MBProgress (1): 0.6/6.8 MBProgress (1): 0.6/6.8 MBProgress (1): 0.6/6.8 MBProgress (1): 0.6/6.8 MBProgress (1): 0.6/6.8 MBProgress (1): 0.6/6.8 MBProgress (1): 0.7/6.8 MBProgress (1): 0.7/6.8 MBProgress (1): 0.7/6.8 MBProgress (1): 0.7/6.8 MBProgress (1): 0.7/6.8 MBProgress (1): 0.7/6.8 MBProgress (1): 0.8/6.8 MBProgress (1): 0.8/6.8 MBProgress (1): 0.8/6.8 MBProgress (1): 0.8/6.8 MBProgress (1): 0.8/6.8 MBProgress (1): 0.8/6.8 MBProgress (1): 0.9/6.8 MBProgress (1): 0.9/6.8 MBProgress (1): 0.9/6.8 MBProgress (1): 0.9/6.8 MBProgress (1): 0.9/6.8 MBProgress (1): 0.9/6.8 MBProgress (1): 0.9/6.8 MBProgress (1): 1.0/6.8 MBProgress (1): 1.0/6.8 MBProgress (1): 1.0/6.8 MBProgress (1): 1.0/6.8 MBProgress (1): 1.0/6.8 MBProgress (1): 1.0/6.8 MBProgress (1): 1.1/6.8 MBProgress (1): 1.1/6.8 MBProgress (1): 1.1/6.8 MBProgress (1): 1.1/6.8 MBProgress (1): 1.1/6.8 MBProgress (1): 1.1/6.8 MBProgress (1): 1.2/6.8 MBProgress (1): 1.2/6.8 MBProgress (1): 1.2/6.8 MBProgress (1): 1.2/6.8 MBProgress (1): 1.2/6.8 MBProgress (1): 1.2/6.8 MBProgress (1): 1.3/6.8 MBProgress (1): 1.3/6.8 MBProgress (1): 1.3/6.8 MBProgress (1): 1.3/6.8 MBProgress (1): 1.3/6.8 MBProgress (1): 1.3/6.8 MBProgress (1): 1.4/6.8 MBProgress (1): 1.4/6.8 MBProgress (1): 1.4/6.8 MBProgress (1): 1.4/6.8 MBProgress (1): 1.4/6.8 MBProgress (1): 1.4/6.8 MBProgress (1): 1.5/6.8 MBProgress (1): 1.5/6.8 MBProgress (1): 1.5/6.8 MBProgress (1): 1.5/6.8 MBProgress (1): 1.5/6.8 MBProgress (1): 1.5/6.8 MBProgress (1): 1.6/6.8 MBProgress (1): 1.6/6.8 MBProgress (1): 1.6/6.8 MBProgress (1): 1.6/6.8 MBProgress (1): 1.6/6.8 MBProgress (1): 1.6/6.8 MBProgress (1): 1.7/6.8 MBProgress (1): 1.7/6.8 MBProgress (1): 1.7/6.8 MBProgress (1): 1.7/6.8 MBProgress (1): 1.7/6.8 MBProgress (1): 1.7/6.8 MBProgress (1): 1.8/6.8 MBProgress (1): 1.8/6.8 MBProgress (1): 1.8/6.8 MBProgress (1): 1.8/6.8 MBProgress (1): 1.8/6.8 MBProgress (1): 1.8/6.8 MBProgress (1): 1.9/6.8 MBProgress (1): 1.9/6.8 MBProgress (1): 1.9/6.8 MBProgress (1): 1.9/6.8 MBProgress (1): 1.9/6.8 MBProgress (1): 1.9/6.8 MBProgress (1): 1.9/6.8 MBProgress (1): 2.0/6.8 MBProgress (1): 2.0/6.8 MBProgress (1): 2.0/6.8 MBProgress (1): 2.0/6.8 MBProgress (1): 2.0/6.8 MBProgress (1): 2.0/6.8 MBProgress (1): 2.1/6.8 MBProgress (1): 2.1/6.8 MBProgress (1): 2.1/6.8 MBProgress (1): 2.1/6.8 MBProgress (1): 2.1/6.8 MBProgress (1): 2.1/6.8 MBProgress (1): 2.2/6.8 MBProgress (1): 2.2/6.8 MBProgress (1): 2.2/6.8 MBProgress (1): 2.2/6.8 MBProgress (1): 2.2/6.8 MBProgress (1): 2.2/6.8 MBProgress (1): 2.3/6.8 MBProgress (1): 2.3/6.8 MBProgress (1): 2.3/6.8 MBProgress (1): 2.3/6.8 MBProgress (1): 2.3/6.8 MBProgress (1): 2.3/6.8 MBProgress (1): 2.4/6.8 MBProgress (1): 2.4/6.8 MBProgress (1): 2.4/6.8 MBProgress (1): 2.4/6.8 MBProgress (1): 2.4/6.8 MBProgress (1): 2.4/6.8 MBProgress (1): 2.5/6.8 MBProgress (1): 2.5/6.8 MBProgress (1): 2.5/6.8 MBProgress (1): 2.5/6.8 MBProgress (1): 2.5/6.8 MBProgress (1): 2.5/6.8 MBProgress (1): 2.6/6.8 MBProgress (1): 2.6/6.8 MBProgress (1): 2.6/6.8 MBProgress (1): 2.6/6.8 MBProgress (1): 2.6/6.8 MBProgress (1): 2.6/6.8 MBProgress (1): 2.7/6.8 MBProgress (1): 2.7/6.8 MBProgress (1): 2.7/6.8 MBProgress (1): 2.7/6.8 MBProgress (1): 2.7/6.8 MBProgress (1): 2.7/6.8 MBProgress (1): 2.8/6.8 MBProgress (1): 2.8/6.8 MBProgress (1): 2.8/6.8 MBProgress (1): 2.8/6.8 MBProgress (1): 2.8/6.8 MBProgress (1): 2.8/6.8 MBProgress (1): 2.9/6.8 MBProgress (1): 2.9/6.8 MBProgress (1): 2.9/6.8 MBProgress (1): 2.9/6.8 MBProgress (1): 2.9/6.8 MBProgress (1): 2.9/6.8 MBProgress (1): 2.9/6.8 MBProgress (1): 3.0/6.8 MBProgress (1): 3.0/6.8 MBProgress (1): 3.0/6.8 MBProgress (1): 3.0/6.8 MBProgress (1): 3.0/6.8 MBProgress (1): 3.0/6.8 MBProgress (1): 3.1/6.8 MBProgress (1): 3.1/6.8 MBProgress (1): 3.1/6.8 MBProgress (1): 3.1/6.8 MBProgress (1): 3.1/6.8 MBProgress (1): 3.1/6.8 MBProgress (1): 3.2/6.8 MBProgress (1): 3.2/6.8 MBProgress (1): 3.2/6.8 MBProgress (1): 3.2/6.8 MBProgress (1): 3.2/6.8 MBProgress (1): 3.2/6.8 MBProgress (1): 3.3/6.8 MBProgress (1): 3.3/6.8 MBProgress (1): 3.3/6.8 MBProgress (1): 3.3/6.8 MBProgress (1): 3.3/6.8 MBProgress (1): 3.3/6.8 MBProgress (1): 3.4/6.8 MBProgress (1): 3.4/6.8 MBProgress (1): 3.4/6.8 MBProgress (1): 3.4/6.8 MBProgress (1): 3.4/6.8 MBProgress (1): 3.4/6.8 MBProgress (1): 3.5/6.8 MBProgress (1): 3.5/6.8 MBProgress (1): 3.5/6.8 MBProgress (1): 3.5/6.8 MBProgress (1): 3.5/6.8 MBProgress (1): 3.5/6.8 MBProgress (1): 3.6/6.8 MBProgress (1): 3.6/6.8 MBProgress (1): 3.6/6.8 MBProgress (1): 3.6/6.8 MBProgress (1): 3.6/6.8 MBProgress (1): 3.6/6.8 MBProgress (1): 3.7/6.8 MBProgress (1): 3.7/6.8 MBProgress (1): 3.7/6.8 MBProgress (1): 3.7/6.8 MBProgress (1): 3.7/6.8 MBProgress (1): 3.7/6.8 MBProgress (1): 3.8/6.8 MBProgress (1): 3.8/6.8 MBProgress (1): 3.8/6.8 MBProgress (1): 3.8/6.8 MBProgress (1): 3.8/6.8 MBProgress (1): 3.8/6.8 MBProgress (1): 3.8/6.8 MBProgress (1): 3.9/6.8 MBProgress (1): 3.9/6.8 MBProgress (1): 3.9/6.8 MBProgress (1): 3.9/6.8 MBProgress (1): 3.9/6.8 MBProgress (1): 3.9/6.8 MBProgress (1): 4.0/6.8 MBProgress (1): 4.0/6.8 MBProgress (1): 4.0/6.8 MBProgress (1): 4.0/6.8 MBProgress (1): 4.0/6.8 MBProgress (1): 4.0/6.8 MBProgress (1): 4.1/6.8 MBProgress (1): 4.1/6.8 MBProgress (1): 4.1/6.8 MBProgress (1): 4.1/6.8 MBProgress (1): 4.1/6.8 MBProgress (1): 4.1/6.8 MBProgress (1): 4.2/6.8 MBProgress (1): 4.2/6.8 MBProgress (1): 4.2/6.8 MBProgress (1): 4.2/6.8 MBProgress (1): 4.2/6.8 MBProgress (1): 4.2/6.8 MBProgress (1): 4.3/6.8 MBProgress (1): 4.3/6.8 MBProgress (1): 4.3/6.8 MBProgress (1): 4.3/6.8 MBProgress (1): 4.3/6.8 MBProgress (1): 4.3/6.8 MBProgress (1): 4.4/6.8 MBProgress (1): 4.4/6.8 MBProgress (1): 4.4/6.8 MBProgress (1): 4.4/6.8 MBProgress (1): 4.4/6.8 MBProgress (1): 4.4/6.8 MBProgress (1): 4.5/6.8 MBProgress (1): 4.5/6.8 MBProgress (1): 4.5/6.8 MBProgress (1): 4.5/6.8 MBProgress (1): 4.5/6.8 MBProgress (1): 4.5/6.8 MBProgress (1): 4.6/6.8 MBProgress (1): 4.6/6.8 MBProgress (1): 4.6/6.8 MBProgress (1): 4.6/6.8 MBProgress (1): 4.6/6.8 MBProgress (1): 4.6/6.8 MBProgress (1): 4.7/6.8 MBProgress (1): 4.7/6.8 MBProgress (1): 4.7/6.8 MBProgress (1): 4.7/6.8 MBProgress (1): 4.7/6.8 MBProgress (1): 4.7/6.8 MBProgress (1): 4.8/6.8 MBProgress (1): 4.8/6.8 MBProgress (1): 4.8/6.8 MBProgress (1): 4.8/6.8 MBProgress (1): 4.8/6.8 MBProgress (1): 4.8/6.8 MBProgress (1): 4.8/6.8 MBProgress (1): 4.9/6.8 MBProgress (1): 4.9/6.8 MBProgress (1): 4.9/6.8 MBProgress (1): 4.9/6.8 MBProgress (1): 4.9/6.8 MBProgress (1): 4.9/6.8 MBProgress (1): 5.0/6.8 MBProgress (1): 5.0/6.8 MBProgress (1): 5.0/6.8 MBProgress (1): 5.0/6.8 MBProgress (1): 5.0/6.8 MBProgress (1): 5.0/6.8 MBProgress (1): 5.1/6.8 MBProgress (1): 5.1/6.8 MBProgress (1): 5.1/6.8 MBProgress (1): 5.1/6.8 MBProgress (1): 5.1/6.8 MBProgress (1): 5.1/6.8 MBProgress (1): 5.2/6.8 MBProgress (1): 5.2/6.8 MBProgress (1): 5.2/6.8 MBProgress (1): 5.2/6.8 MBProgress (1): 5.2/6.8 MBProgress (1): 5.2/6.8 MBProgress (1): 5.3/6.8 MBProgress (1): 5.3/6.8 MBProgress (1): 5.3/6.8 MBProgress (1): 5.3/6.8 MBProgress (1): 5.3/6.8 MBProgress (1): 5.3/6.8 MBProgress (1): 5.4/6.8 MBProgress (1): 5.4/6.8 MBProgress (1): 5.4/6.8 MBProgress (1): 5.4/6.8 MBProgress (1): 5.4/6.8 MBProgress (1): 5.4/6.8 MBProgress (1): 5.5/6.8 MBProgress (1): 5.5/6.8 MBProgress (1): 5.5/6.8 MBProgress (1): 5.5/6.8 MBProgress (1): 5.5/6.8 MBProgress (1): 5.5/6.8 MBProgress (1): 5.6/6.8 MBProgress (1): 5.6/6.8 MBProgress (1): 5.6/6.8 MBProgress (1): 5.6/6.8 MBProgress (1): 5.6/6.8 MBProgress (1): 5.6/6.8 MBProgress (1): 5.7/6.8 MBProgress (1): 5.7/6.8 MBProgress (1): 5.7/6.8 MBProgress (1): 5.7/6.8 MBProgress (1): 5.7/6.8 MBProgress (1): 5.7/6.8 MBProgress (1): 5.8/6.8 MBProgress (1): 5.8/6.8 MBProgress (1): 5.8/6.8 MBProgress (1): 5.8/6.8 MBProgress (1): 5.8/6.8 MBProgress (1): 5.8/6.8 MBProgress (1): 5.8/6.8 MBProgress (1): 5.9/6.8 MBProgress (1): 5.9/6.8 MBProgress (1): 5.9/6.8 MBProgress (1): 5.9/6.8 MBProgress (1): 5.9/6.8 MBProgress (1): 5.9/6.8 MBProgress (1): 6.0/6.8 MBProgress (1): 6.0/6.8 MBProgress (1): 6.0/6.8 MBProgress (1): 6.0/6.8 MBProgress (1): 6.0/6.8 MBProgress (1): 6.0/6.8 MBProgress (1): 6.1/6.8 MBProgress (1): 6.1/6.8 MBProgress (1): 6.1/6.8 MBProgress (1): 6.1/6.8 MBProgress (1): 6.1/6.8 MBProgress (1): 6.1/6.8 MBProgress (1): 6.2/6.8 MBProgress (1): 6.2/6.8 MBProgress (1): 6.2/6.8 MBProgress (1): 6.2/6.8 MBProgress (1): 6.2/6.8 MBProgress (1): 6.2/6.8 MBProgress (1): 6.3/6.8 MBProgress (1): 6.3/6.8 MBProgress (1): 6.3/6.8 MBProgress (1): 6.3/6.8 MBProgress (1): 6.3/6.8 MBProgress (1): 6.3/6.8 MBProgress (1): 6.4/6.8 MBProgress (1): 6.4/6.8 MBProgress (1): 6.4/6.8 MBProgress (1): 6.4/6.8 MBProgress (1): 6.4/6.8 MBProgress (1): 6.4/6.8 MBProgress (1): 6.5/6.8 MBProgress (1): 6.5/6.8 MBProgress (1): 6.5/6.8 MBProgress (1): 6.5/6.8 MBProgress (1): 6.5/6.8 MBProgress (1): 6.5/6.8 MBProgress (1): 6.6/6.8 MBProgress (1): 6.6/6.8 MBProgress (1): 6.6/6.8 MBProgress (1): 6.6/6.8 MBProgress (1): 6.6/6.8 MBProgress (1): 6.6/6.8 MBProgress (1): 6.7/6.8 MBProgress (1): 6.7/6.8 MBProgress (1): 6.7/6.8 MBProgress (1): 6.7/6.8 MBProgress (1): 6.7/6.8 MBProgress (1): 6.7/6.8 MBProgress (1): 6.7/6.8 MBProgress (1): 6.8/6.8 MBProgress (1): 6.8 MB                        Downloaded from central: https://repo.maven.apache.org/maven2/com/github/luben/zstd-jni/1.5.5-11/zstd-jni-1.5.5-11.jar (6.8 MB at 14 MB/s)
[INFO] Building jar: /home/jenkins/workspace/multi_lesson26/lesson26/hello-world/target/hello-world-1.0-SNAPSHOT.jar
[INFO] ------------------------------------------------------------------------
[INFO] BUILD SUCCESS
[INFO] ------------------------------------------------------------------------
[INFO] Total time:  19.744 s
[INFO] Finished at: 2026-01-17T20:50:16Z
[INFO] ------------------------------------------------------------------------
[Pipeline] sh
+ mvn clean package -f lesson26/hello-jenkins/pom.xml
[INFO] Scanning for projects...
[INFO] 
[INFO] ------------------< com.mycompany.app:hello-jenkins >-------------------
[INFO] Building hello-jenkins 1.0-SNAPSHOT
[INFO]   from pom.xml
[INFO] --------------------------------[ jar ]---------------------------------
[INFO] 
[INFO] --- clean:3.2.0:clean (default-clean) @ hello-jenkins ---
[INFO] Deleting /home/jenkins/workspace/multi_lesson26/lesson26/hello-jenkins/target
[INFO] 
[INFO] --- resources:3.3.1:resources (default-resources) @ hello-jenkins ---
[WARNING] Using platform encoding (UTF-8 actually) to copy filtered resources, i.e. build is platform dependent!
[INFO] skip non existing resourceDirectory /home/jenkins/workspace/multi_lesson26/lesson26/hello-jenkins/src/main/resources
[INFO] 
[INFO] --- compiler:3.13.0:compile (default-compile) @ hello-jenkins ---
[INFO] Recompiling the module because of changed source code.
[WARNING] File encoding has not been set, using platform encoding UTF-8, i.e. build is platform dependent!
[INFO] Compiling 1 source file with javac [debug target 17] to target/classes
[INFO] 
[INFO] --- resources:3.3.1:testResources (default-testResources) @ hello-jenkins ---
[WARNING] Using platform encoding (UTF-8 actually) to copy filtered resources, i.e. build is platform dependent!
[INFO] skip non existing resourceDirectory /home/jenkins/workspace/multi_lesson26/lesson26/hello-jenkins/src/test/resources
[INFO] 
[INFO] --- compiler:3.13.0:testCompile (default-testCompile) @ hello-jenkins ---
[INFO] Recompiling the module because of changed dependency.
[WARNING] File encoding has not been set, using platform encoding UTF-8, i.e. build is platform dependent!
[INFO] Compiling 1 source file with javac [debug target 17] to target/test-classes
[INFO] 
[INFO] --- surefire:3.2.5:test (default-test) @ hello-jenkins ---
[INFO] Using auto detected provider org.apache.maven.surefire.junitplatform.JUnitPlatformProvider
[INFO] 
[INFO] -------------------------------------------------------
[INFO]  T E S T S
[INFO] -------------------------------------------------------
[INFO] Running com.mycompany.app.AppTest
[INFO] Tests run: 2, Failures: 0, Errors: 0, Skipped: 0, Time elapsed: 0.100 s -- in com.mycompany.app.AppTest
[INFO] 
[INFO] Results:
[INFO] 
[INFO] Tests run: 2, Failures: 0, Errors: 0, Skipped: 0
[INFO] 
[INFO] 
[INFO] --- jar:3.4.1:jar (default-jar) @ hello-jenkins ---
[INFO] Building jar: /home/jenkins/workspace/multi_lesson26/lesson26/hello-jenkins/target/hello-jenkins-1.0-SNAPSHOT.jar
[INFO] ------------------------------------------------------------------------
[INFO] BUILD SUCCESS
[INFO] ------------------------------------------------------------------------
[INFO] Total time:  5.902 s
[INFO] Finished at: 2026-01-17T20:50:25Z
[INFO] ------------------------------------------------------------------------
[Pipeline] sh
+ mvn clean package -f lesson26/hello-devops/pom.xml
[INFO] Scanning for projects...
[INFO] 
[INFO] -------------------< com.mycompany.app:hello-devops >-------------------
[INFO] Building hello-devops 1.0-SNAPSHOT
[INFO]   from pom.xml
[INFO] --------------------------------[ jar ]---------------------------------
[INFO] 
[INFO] --- clean:3.2.0:clean (default-clean) @ hello-devops ---
[INFO] Deleting /home/jenkins/workspace/multi_lesson26/lesson26/hello-devops/target
[INFO] 
[INFO] --- resources:3.3.1:resources (default-resources) @ hello-devops ---
[WARNING] Using platform encoding (UTF-8 actually) to copy filtered resources, i.e. build is platform dependent!
[INFO] skip non existing resourceDirectory /home/jenkins/workspace/multi_lesson26/lesson26/hello-devops/src/main/resources
[INFO] 
[INFO] --- compiler:3.13.0:compile (default-compile) @ hello-devops ---
[INFO] Recompiling the module because of changed source code.
[WARNING] File encoding has not been set, using platform encoding UTF-8, i.e. build is platform dependent!
[INFO] Compiling 1 source file with javac [debug target 17] to target/classes
[INFO] 
[INFO] --- resources:3.3.1:testResources (default-testResources) @ hello-devops ---
[WARNING] Using platform encoding (UTF-8 actually) to copy filtered resources, i.e. build is platform dependent!
[INFO] skip non existing resourceDirectory /home/jenkins/workspace/multi_lesson26/lesson26/hello-devops/src/test/resources
[INFO] 
[INFO] --- compiler:3.13.0:testCompile (default-testCompile) @ hello-devops ---
[INFO] Recompiling the module because of changed dependency.
[WARNING] File encoding has not been set, using platform encoding UTF-8, i.e. build is platform dependent!
[INFO] Compiling 1 source file with javac [debug target 17] to target/test-classes
[INFO] 
[INFO] --- surefire:3.2.5:test (default-test) @ hello-devops ---
[INFO] Using auto detected provider org.apache.maven.surefire.junitplatform.JUnitPlatformProvider
[INFO] 
[INFO] -------------------------------------------------------
[INFO]  T E S T S
[INFO] -------------------------------------------------------
[INFO] Running com.mycompany.app.AppTest
[INFO] Tests run: 2, Failures: 0, Errors: 0, Skipped: 0, Time elapsed: 0.091 s -- in com.mycompany.app.AppTest
[INFO] 
[INFO] Results:
[INFO] 
[INFO] Tests run: 2, Failures: 0, Errors: 0, Skipped: 0
[INFO] 
[INFO] 
[INFO] --- jar:3.4.1:jar (default-jar) @ hello-devops ---
[INFO] Building jar: /home/jenkins/workspace/multi_lesson26/lesson26/hello-devops/target/hello-devops-1.0-SNAPSHOT.jar
[INFO] ------------------------------------------------------------------------
[INFO] BUILD SUCCESS
[INFO] ------------------------------------------------------------------------
[INFO] Total time:  5.487 s
[INFO] Finished at: 2026-01-17T20:50:34Z
[INFO] ------------------------------------------------------------------------
[Pipeline] }
[Pipeline] // withEnv
[Pipeline] }
[Pipeline] // stage
[Pipeline] stage
[Pipeline] { (Maven Test)
[Pipeline] tool
[Pipeline] envVarsForTool
[Pipeline] withEnv
[Pipeline] {
[Pipeline] sh
+ mvn test -f lesson26/hello-world/pom.xml
[INFO] Scanning for projects...
[INFO] 
[INFO] -------------------< com.mycompany.app:hello-world >--------------------
[INFO] Building hello-world 1.0-SNAPSHOT
[INFO]   from pom.xml
[INFO] --------------------------------[ jar ]---------------------------------
[INFO] 
[INFO] --- resources:3.3.1:resources (default-resources) @ hello-world ---
[WARNING] Using platform encoding (UTF-8 actually) to copy filtered resources, i.e. build is platform dependent!
[INFO] skip non existing resourceDirectory /home/jenkins/workspace/multi_lesson26/lesson26/hello-world/src/main/resources
[INFO] 
[INFO] --- compiler:3.13.0:compile (default-compile) @ hello-world ---
[INFO] Nothing to compile - all classes are up to date.
[INFO] 
[INFO] --- resources:3.3.1:testResources (default-testResources) @ hello-world ---
[WARNING] Using platform encoding (UTF-8 actually) to copy filtered resources, i.e. build is platform dependent!
[INFO] skip non existing resourceDirectory /home/jenkins/workspace/multi_lesson26/lesson26/hello-world/src/test/resources
[INFO] 
[INFO] --- compiler:3.13.0:testCompile (default-testCompile) @ hello-world ---
[INFO] Nothing to compile - all classes are up to date.
[INFO] 
[INFO] --- surefire:3.2.5:test (default-test) @ hello-world ---
[INFO] Using auto detected provider org.apache.maven.surefire.junitplatform.JUnitPlatformProvider
[INFO] 
[INFO] -------------------------------------------------------
[INFO]  T E S T S
[INFO] -------------------------------------------------------
[INFO] Running com.mycompany.app.AppTest
[INFO] Tests run: 2, Failures: 0, Errors: 0, Skipped: 0, Time elapsed: 0.109 s -- in com.mycompany.app.AppTest
[INFO] 
[INFO] Results:
[INFO] 
[INFO] Tests run: 2, Failures: 0, Errors: 0, Skipped: 0
[INFO] 
[INFO] ------------------------------------------------------------------------
[INFO] BUILD SUCCESS
[INFO] ------------------------------------------------------------------------
[INFO] Total time:  3.437 s
[INFO] Finished at: 2026-01-17T20:50:41Z
[INFO] ------------------------------------------------------------------------
[Pipeline] }
[Pipeline] // withEnv
[Pipeline] }
[Pipeline] // stage
[Pipeline] stage
[Pipeline] { (Declarative: Post Actions)
[Pipeline] junit
Recording test results
[Checks API] No suitable checks publisher found.
[Pipeline] archiveArtifacts
Archiving artifacts
[Pipeline] echo
lesson26 BUILD SUCCESS!
[Pipeline] }
[Pipeline] // stage
[Pipeline] }
[Pipeline] // withEnv
[Pipeline] }
[Pipeline] // withEnv
[Pipeline] }
[Pipeline] // node
[Pipeline] End of Pipeline

GitHub has been notified of this commits build result

Finished: SUCCESS
